style_transfer [INFO] 2020-12-19 10:14:16,519: Start run
style_transfer [INFO] 2020-12-19 10:14:16,523: experiments =
{'content_path': [PosixPath('/content/style-transfer/datasets/style_transfer/content/turtle.jpg')], 'style_path': [PosixPath('/content/style-transfer/datasets/style_transfer/style/kanagawa.jpg')], 'content_layers': [('1_B5_L2', ['block5_conv2']), ('1_B5_L3', ['block5_conv3']), ('1_B5_L4', ['block5_conv4']), ('1_B5_Lp', ['block5_pool']), ('1_B4_L2', ['block4_conv2']), ('1_B3_L2', ['block3_conv2']), ('1_B2_L2', ['block2_conv2']), ('1_B1_L2', ['block1_conv2']), ('2_B55_L23', ['block5_conv2', 'block5_conv3']), ('3_B555_L234', ['block5_conv2', 'block5_conv3', 'block5_conv4']), ('4_B5555_L234p', ['block5_conv2', 'block5_conv3', 'block5_conv4', 'block5_pool'])], 'style_layers': [('5_B12345_L11111', ['block1_conv1', 'block2_conv1', 'block3_conv1', 'block4_conv1', 'block5_conv1']), ('4_B2345_L1111', ['block2_conv1', 'block3_conv1', 'block4_conv1', 'block5_conv1']), ('3_B345_L111', ['block3_conv1', 'block4_conv1', 'block5_conv1']), ('2_B45_L11', ['block4_conv1', 'block5_conv1']), ('1_B5_L1', ['block5_conv1']), ('4_B1234_L1111', ['block1_conv1', 'block2_conv1', 'block3_conv1', 'block4_conv1']), ('3_B123_L111', ['block1_conv1', 'block2_conv1', 'block3_conv1']), ('2_B12_L11', ['block1_conv1', 'block2_conv1']), ('1_B1_L1', ['block1_conv1']), ('5_B12234_L11311', ['block1_conv1', 'block2_conv1', 'block2_conv3', 'block3_conv1', 'block4_conv1']), ('5_B12233_L11313', ['block1_conv1', 'block2_conv1', 'block2_conv3', 'block3_conv1', 'block3_conv3'])], 'pre_training': [True], 'learning_rate': [5], 'beta_1': [0.99], 'beta_2': [0.999], 'epsilon': [1e-07], 'amsgrad': [False], 'content_weight': [1000.0], 'style_weight': [0.01], 'num_iterations': [1000]}
style_transfer [INFO] 2020-12-19 10:14:16,571: Start run with kwargs = {'content_path': PosixPath('/content/style-transfer/datasets/style_transfer/content/turtle.jpg'), 'style_path': PosixPath('/content/style-transfer/datasets/style_transfer/style/kanagawa.jpg'), 'content_layers': ['block5_conv2'], 'style_layers': ['block1_conv1', 'block2_conv1', 'block3_conv1', 'block4_conv1', 'block5_conv1'], 'pre_training': True, 'learning_rate': 5, 'beta_1': 0.99, 'beta_2': 0.999, 'epsilon': 1e-07, 'amsgrad': False, 'content_weight': 1000.0, 'style_weight': 0.01, 'num_iterations': 1000}
style_transfer [INFO] 2020-12-19 10:16:26,751: Start run with kwargs = {'content_path': PosixPath('/content/style-transfer/datasets/style_transfer/content/turtle.jpg'), 'style_path': PosixPath('/content/style-transfer/datasets/style_transfer/style/kanagawa.jpg'), 'content_layers': ['block5_conv2'], 'style_layers': ['block2_conv1', 'block3_conv1', 'block4_conv1', 'block5_conv1'], 'pre_training': True, 'learning_rate': 5, 'beta_1': 0.99, 'beta_2': 0.999, 'epsilon': 1e-07, 'amsgrad': False, 'content_weight': 1000.0, 'style_weight': 0.01, 'num_iterations': 1000}
style_transfer [INFO] 2020-12-19 10:18:34,776: Start run with kwargs = {'content_path': PosixPath('/content/style-transfer/datasets/style_transfer/content/turtle.jpg'), 'style_path': PosixPath('/content/style-transfer/datasets/style_transfer/style/kanagawa.jpg'), 'content_layers': ['block5_conv2'], 'style_layers': ['block3_conv1', 'block4_conv1', 'block5_conv1'], 'pre_training': True, 'learning_rate': 5, 'beta_1': 0.99, 'beta_2': 0.999, 'epsilon': 1e-07, 'amsgrad': False, 'content_weight': 1000.0, 'style_weight': 0.01, 'num_iterations': 1000}
style_transfer [INFO] 2020-12-19 10:20:39,191: Start run with kwargs = {'content_path': PosixPath('/content/style-transfer/datasets/style_transfer/content/turtle.jpg'), 'style_path': PosixPath('/content/style-transfer/datasets/style_transfer/style/kanagawa.jpg'), 'content_layers': ['block5_conv2'], 'style_layers': ['block4_conv1', 'block5_conv1'], 'pre_training': True, 'learning_rate': 5, 'beta_1': 0.99, 'beta_2': 0.999, 'epsilon': 1e-07, 'amsgrad': False, 'content_weight': 1000.0, 'style_weight': 0.01, 'num_iterations': 1000}
style_transfer [INFO] 2020-12-19 10:22:43,526: Start run with kwargs = {'content_path': PosixPath('/content/style-transfer/datasets/style_transfer/content/turtle.jpg'), 'style_path': PosixPath('/content/style-transfer/datasets/style_transfer/style/kanagawa.jpg'), 'content_layers': ['block5_conv2'], 'style_layers': ['block5_conv1'], 'pre_training': True, 'learning_rate': 5, 'beta_1': 0.99, 'beta_2': 0.999, 'epsilon': 1e-07, 'amsgrad': False, 'content_weight': 1000.0, 'style_weight': 0.01, 'num_iterations': 1000}
style_transfer [INFO] 2020-12-19 10:24:40,147: Start run with kwargs = {'content_path': PosixPath('/content/style-transfer/datasets/style_transfer/content/turtle.jpg'), 'style_path': PosixPath('/content/style-transfer/datasets/style_transfer/style/kanagawa.jpg'), 'content_layers': ['block5_conv2'], 'style_layers': ['block1_conv1', 'block2_conv1', 'block3_conv1', 'block4_conv1'], 'pre_training': True, 'learning_rate': 5, 'beta_1': 0.99, 'beta_2': 0.999, 'epsilon': 1e-07, 'amsgrad': False, 'content_weight': 1000.0, 'style_weight': 0.01, 'num_iterations': 1000}
style_transfer [INFO] 2020-12-19 10:26:52,370: Start run with kwargs = {'content_path': PosixPath('/content/style-transfer/datasets/style_transfer/content/turtle.jpg'), 'style_path': PosixPath('/content/style-transfer/datasets/style_transfer/style/kanagawa.jpg'), 'content_layers': ['block5_conv2'], 'style_layers': ['block1_conv1', 'block2_conv1', 'block3_conv1'], 'pre_training': True, 'learning_rate': 5, 'beta_1': 0.99, 'beta_2': 0.999, 'epsilon': 1e-07, 'amsgrad': False, 'content_weight': 1000.0, 'style_weight': 0.01, 'num_iterations': 1000}
style_transfer [INFO] 2020-12-19 10:29:01,587: Start run with kwargs = {'content_path': PosixPath('/content/style-transfer/datasets/style_transfer/content/turtle.jpg'), 'style_path': PosixPath('/content/style-transfer/datasets/style_transfer/style/kanagawa.jpg'), 'content_layers': ['block5_conv2'], 'style_layers': ['block1_conv1', 'block2_conv1'], 'pre_training': True, 'learning_rate': 5, 'beta_1': 0.99, 'beta_2': 0.999, 'epsilon': 1e-07, 'amsgrad': False, 'content_weight': 1000.0, 'style_weight': 0.01, 'num_iterations': 1000}
style_transfer [INFO] 2020-12-19 10:31:08,669: Start run with kwargs = {'content_path': PosixPath('/content/style-transfer/datasets/style_transfer/content/turtle.jpg'), 'style_path': PosixPath('/content/style-transfer/datasets/style_transfer/style/kanagawa.jpg'), 'content_layers': ['block5_conv2'], 'style_layers': ['block1_conv1'], 'pre_training': True, 'learning_rate': 5, 'beta_1': 0.99, 'beta_2': 0.999, 'epsilon': 1e-07, 'amsgrad': False, 'content_weight': 1000.0, 'style_weight': 0.01, 'num_iterations': 1000}
style_transfer [INFO] 2020-12-19 10:33:12,223: Start run with kwargs = {'content_path': PosixPath('/content/style-transfer/datasets/style_transfer/content/turtle.jpg'), 'style_path': PosixPath('/content/style-transfer/datasets/style_transfer/style/kanagawa.jpg'), 'content_layers': ['block5_conv2'], 'style_layers': ['block1_conv1', 'block2_conv1', 'block2_conv3', 'block3_conv1', 'block4_conv1'], 'pre_training': True, 'learning_rate': 5, 'beta_1': 0.99, 'beta_2': 0.999, 'epsilon': 1e-07, 'amsgrad': False, 'content_weight': 1000.0, 'style_weight': 0.01, 'num_iterations': 1000}
style_transfer [ERROR] 2020-12-19 10:33:12,562: No such layer: block2_conv3.
Traceback (most recent call last):
  File "<ipython-input-5-b6f3ab7de6fa>", line 110, in <module>
    **kwargs
  File "/content/style-transfer/style_transfer/style_transfer.py", line 59, in run_style_transfer
    pre_training=pre_training,
  File "/content/style-transfer/style_transfer/model.py", line 34, in get_model
    style_outputs = [vgg.get_layer(name).output for name in style_layers]
  File "/content/style-transfer/style_transfer/model.py", line 34, in <listcomp>
    style_outputs = [vgg.get_layer(name).output for name in style_layers]
  File "/usr/local/lib/python3.6/dist-packages/tensorflow/python/keras/engine/training.py", line 2423, in get_layer
    raise ValueError('No such layer: ' + name + '.')
ValueError: No such layer: block2_conv3.
style_transfer [INFO] 2020-12-19 10:33:12,641: Start run with kwargs = {'content_path': PosixPath('/content/style-transfer/datasets/style_transfer/content/turtle.jpg'), 'style_path': PosixPath('/content/style-transfer/datasets/style_transfer/style/kanagawa.jpg'), 'content_layers': ['block5_conv2'], 'style_layers': ['block1_conv1', 'block2_conv1', 'block2_conv3', 'block3_conv1', 'block3_conv3'], 'pre_training': True, 'learning_rate': 5, 'beta_1': 0.99, 'beta_2': 0.999, 'epsilon': 1e-07, 'amsgrad': False, 'content_weight': 1000.0, 'style_weight': 0.01, 'num_iterations': 1000}
style_transfer [ERROR] 2020-12-19 10:33:12,975: No such layer: block2_conv3.
Traceback (most recent call last):
  File "<ipython-input-5-b6f3ab7de6fa>", line 110, in <module>
    **kwargs
  File "/content/style-transfer/style_transfer/style_transfer.py", line 59, in run_style_transfer
    pre_training=pre_training,
  File "/content/style-transfer/style_transfer/model.py", line 34, in get_model
    style_outputs = [vgg.get_layer(name).output for name in style_layers]
  File "/content/style-transfer/style_transfer/model.py", line 34, in <listcomp>
    style_outputs = [vgg.get_layer(name).output for name in style_layers]
  File "/usr/local/lib/python3.6/dist-packages/tensorflow/python/keras/engine/training.py", line 2423, in get_layer
    raise ValueError('No such layer: ' + name + '.')
ValueError: No such layer: block2_conv3.
style_transfer [INFO] 2020-12-19 10:33:13,025: Start run with kwargs = {'content_path': PosixPath('/content/style-transfer/datasets/style_transfer/content/turtle.jpg'), 'style_path': PosixPath('/content/style-transfer/datasets/style_transfer/style/kanagawa.jpg'), 'content_layers': ['block5_conv3'], 'style_layers': ['block1_conv1', 'block2_conv1', 'block3_conv1', 'block4_conv1', 'block5_conv1'], 'pre_training': True, 'learning_rate': 5, 'beta_1': 0.99, 'beta_2': 0.999, 'epsilon': 1e-07, 'amsgrad': False, 'content_weight': 1000.0, 'style_weight': 0.01, 'num_iterations': 1000}
style_transfer [INFO] 2020-12-19 10:35:31,910: Start run with kwargs = {'content_path': PosixPath('/content/style-transfer/datasets/style_transfer/content/turtle.jpg'), 'style_path': PosixPath('/content/style-transfer/datasets/style_transfer/style/kanagawa.jpg'), 'content_layers': ['block5_conv3'], 'style_layers': ['block2_conv1', 'block3_conv1', 'block4_conv1', 'block5_conv1'], 'pre_training': True, 'learning_rate': 5, 'beta_1': 0.99, 'beta_2': 0.999, 'epsilon': 1e-07, 'amsgrad': False, 'content_weight': 1000.0, 'style_weight': 0.01, 'num_iterations': 1000}
style_transfer [INFO] 2020-12-19 10:37:45,225: Start run with kwargs = {'content_path': PosixPath('/content/style-transfer/datasets/style_transfer/content/turtle.jpg'), 'style_path': PosixPath('/content/style-transfer/datasets/style_transfer/style/kanagawa.jpg'), 'content_layers': ['block5_conv3'], 'style_layers': ['block3_conv1', 'block4_conv1', 'block5_conv1'], 'pre_training': True, 'learning_rate': 5, 'beta_1': 0.99, 'beta_2': 0.999, 'epsilon': 1e-07, 'amsgrad': False, 'content_weight': 1000.0, 'style_weight': 0.01, 'num_iterations': 1000}
style_transfer [INFO] 2020-12-19 10:39:54,998: Start run with kwargs = {'content_path': PosixPath('/content/style-transfer/datasets/style_transfer/content/turtle.jpg'), 'style_path': PosixPath('/content/style-transfer/datasets/style_transfer/style/kanagawa.jpg'), 'content_layers': ['block5_conv3'], 'style_layers': ['block4_conv1', 'block5_conv1'], 'pre_training': True, 'learning_rate': 5, 'beta_1': 0.99, 'beta_2': 0.999, 'epsilon': 1e-07, 'amsgrad': False, 'content_weight': 1000.0, 'style_weight': 0.01, 'num_iterations': 1000}
style_transfer [INFO] 2020-12-19 10:42:01,443: Start run with kwargs = {'content_path': PosixPath('/content/style-transfer/datasets/style_transfer/content/turtle.jpg'), 'style_path': PosixPath('/content/style-transfer/datasets/style_transfer/style/kanagawa.jpg'), 'content_layers': ['block5_conv3'], 'style_layers': ['block5_conv1'], 'pre_training': True, 'learning_rate': 5, 'beta_1': 0.99, 'beta_2': 0.999, 'epsilon': 1e-07, 'amsgrad': False, 'content_weight': 1000.0, 'style_weight': 0.01, 'num_iterations': 1000}
style_transfer [INFO] 2020-12-19 10:44:06,309: Start run with kwargs = {'content_path': PosixPath('/content/style-transfer/datasets/style_transfer/content/turtle.jpg'), 'style_path': PosixPath('/content/style-transfer/datasets/style_transfer/style/kanagawa.jpg'), 'content_layers': ['block5_conv3'], 'style_layers': ['block1_conv1', 'block2_conv1', 'block3_conv1', 'block4_conv1'], 'pre_training': True, 'learning_rate': 5, 'beta_1': 0.99, 'beta_2': 0.999, 'epsilon': 1e-07, 'amsgrad': False, 'content_weight': 1000.0, 'style_weight': 0.01, 'num_iterations': 1000}
style_transfer [INFO] 2020-12-19 10:46:21,710: Start run with kwargs = {'content_path': PosixPath('/content/style-transfer/datasets/style_transfer/content/turtle.jpg'), 'style_path': PosixPath('/content/style-transfer/datasets/style_transfer/style/kanagawa.jpg'), 'content_layers': ['block5_conv3'], 'style_layers': ['block1_conv1', 'block2_conv1', 'block3_conv1'], 'pre_training': True, 'learning_rate': 5, 'beta_1': 0.99, 'beta_2': 0.999, 'epsilon': 1e-07, 'amsgrad': False, 'content_weight': 1000.0, 'style_weight': 0.01, 'num_iterations': 1000}
style_transfer [INFO] 2020-12-19 10:48:35,653: Start run with kwargs = {'content_path': PosixPath('/content/style-transfer/datasets/style_transfer/content/turtle.jpg'), 'style_path': PosixPath('/content/style-transfer/datasets/style_transfer/style/kanagawa.jpg'), 'content_layers': ['block5_conv3'], 'style_layers': ['block1_conv1', 'block2_conv1'], 'pre_training': True, 'learning_rate': 5, 'beta_1': 0.99, 'beta_2': 0.999, 'epsilon': 1e-07, 'amsgrad': False, 'content_weight': 1000.0, 'style_weight': 0.01, 'num_iterations': 1000}
style_transfer [INFO] 2020-12-19 10:50:46,001: Start run with kwargs = {'content_path': PosixPath('/content/style-transfer/datasets/style_transfer/content/turtle.jpg'), 'style_path': PosixPath('/content/style-transfer/datasets/style_transfer/style/kanagawa.jpg'), 'content_layers': ['block5_conv3'], 'style_layers': ['block1_conv1'], 'pre_training': True, 'learning_rate': 5, 'beta_1': 0.99, 'beta_2': 0.999, 'epsilon': 1e-07, 'amsgrad': False, 'content_weight': 1000.0, 'style_weight': 0.01, 'num_iterations': 1000}
style_transfer [INFO] 2020-12-19 10:52:52,946: Start run with kwargs = {'content_path': PosixPath('/content/style-transfer/datasets/style_transfer/content/turtle.jpg'), 'style_path': PosixPath('/content/style-transfer/datasets/style_transfer/style/kanagawa.jpg'), 'content_layers': ['block5_conv3'], 'style_layers': ['block1_conv1', 'block2_conv1', 'block2_conv3', 'block3_conv1', 'block4_conv1'], 'pre_training': True, 'learning_rate': 5, 'beta_1': 0.99, 'beta_2': 0.999, 'epsilon': 1e-07, 'amsgrad': False, 'content_weight': 1000.0, 'style_weight': 0.01, 'num_iterations': 1000}
style_transfer [ERROR] 2020-12-19 10:52:53,266: No such layer: block2_conv3.
Traceback (most recent call last):
  File "<ipython-input-5-b6f3ab7de6fa>", line 110, in <module>
    **kwargs
  File "/content/style-transfer/style_transfer/style_transfer.py", line 59, in run_style_transfer
    pre_training=pre_training,
  File "/content/style-transfer/style_transfer/model.py", line 34, in get_model
    style_outputs = [vgg.get_layer(name).output for name in style_layers]
  File "/content/style-transfer/style_transfer/model.py", line 34, in <listcomp>
    style_outputs = [vgg.get_layer(name).output for name in style_layers]
  File "/usr/local/lib/python3.6/dist-packages/tensorflow/python/keras/engine/training.py", line 2423, in get_layer
    raise ValueError('No such layer: ' + name + '.')
ValueError: No such layer: block2_conv3.
style_transfer [INFO] 2020-12-19 10:52:53,337: Start run with kwargs = {'content_path': PosixPath('/content/style-transfer/datasets/style_transfer/content/turtle.jpg'), 'style_path': PosixPath('/content/style-transfer/datasets/style_transfer/style/kanagawa.jpg'), 'content_layers': ['block5_conv3'], 'style_layers': ['block1_conv1', 'block2_conv1', 'block2_conv3', 'block3_conv1', 'block3_conv3'], 'pre_training': True, 'learning_rate': 5, 'beta_1': 0.99, 'beta_2': 0.999, 'epsilon': 1e-07, 'amsgrad': False, 'content_weight': 1000.0, 'style_weight': 0.01, 'num_iterations': 1000}
style_transfer [ERROR] 2020-12-19 10:52:53,670: No such layer: block2_conv3.
Traceback (most recent call last):
  File "<ipython-input-5-b6f3ab7de6fa>", line 110, in <module>
    **kwargs
  File "/content/style-transfer/style_transfer/style_transfer.py", line 59, in run_style_transfer
    pre_training=pre_training,
  File "/content/style-transfer/style_transfer/model.py", line 34, in get_model
    style_outputs = [vgg.get_layer(name).output for name in style_layers]
  File "/content/style-transfer/style_transfer/model.py", line 34, in <listcomp>
    style_outputs = [vgg.get_layer(name).output for name in style_layers]
  File "/usr/local/lib/python3.6/dist-packages/tensorflow/python/keras/engine/training.py", line 2423, in get_layer
    raise ValueError('No such layer: ' + name + '.')
ValueError: No such layer: block2_conv3.
style_transfer [INFO] 2020-12-19 10:52:53,724: Start run with kwargs = {'content_path': PosixPath('/content/style-transfer/datasets/style_transfer/content/turtle.jpg'), 'style_path': PosixPath('/content/style-transfer/datasets/style_transfer/style/kanagawa.jpg'), 'content_layers': ['block5_conv4'], 'style_layers': ['block1_conv1', 'block2_conv1', 'block3_conv1', 'block4_conv1', 'block5_conv1'], 'pre_training': True, 'learning_rate': 5, 'beta_1': 0.99, 'beta_2': 0.999, 'epsilon': 1e-07, 'amsgrad': False, 'content_weight': 1000.0, 'style_weight': 0.01, 'num_iterations': 1000}
style_transfer [INFO] 2020-12-19 10:55:14,541: Start run with kwargs = {'content_path': PosixPath('/content/style-transfer/datasets/style_transfer/content/turtle.jpg'), 'style_path': PosixPath('/content/style-transfer/datasets/style_transfer/style/kanagawa.jpg'), 'content_layers': ['block5_conv4'], 'style_layers': ['block2_conv1', 'block3_conv1', 'block4_conv1', 'block5_conv1'], 'pre_training': True, 'learning_rate': 5, 'beta_1': 0.99, 'beta_2': 0.999, 'epsilon': 1e-07, 'amsgrad': False, 'content_weight': 1000.0, 'style_weight': 0.01, 'num_iterations': 1000}
style_transfer [INFO] 2020-12-19 10:57:30,219: Start run with kwargs = {'content_path': PosixPath('/content/style-transfer/datasets/style_transfer/content/turtle.jpg'), 'style_path': PosixPath('/content/style-transfer/datasets/style_transfer/style/kanagawa.jpg'), 'content_layers': ['block5_conv4'], 'style_layers': ['block3_conv1', 'block4_conv1', 'block5_conv1'], 'pre_training': True, 'learning_rate': 5, 'beta_1': 0.99, 'beta_2': 0.999, 'epsilon': 1e-07, 'amsgrad': False, 'content_weight': 1000.0, 'style_weight': 0.01, 'num_iterations': 1000}
style_transfer [INFO] 2020-12-19 10:59:42,819: Start run with kwargs = {'content_path': PosixPath('/content/style-transfer/datasets/style_transfer/content/turtle.jpg'), 'style_path': PosixPath('/content/style-transfer/datasets/style_transfer/style/kanagawa.jpg'), 'content_layers': ['block5_conv4'], 'style_layers': ['block4_conv1', 'block5_conv1'], 'pre_training': True, 'learning_rate': 5, 'beta_1': 0.99, 'beta_2': 0.999, 'epsilon': 1e-07, 'amsgrad': False, 'content_weight': 1000.0, 'style_weight': 0.01, 'num_iterations': 1000}
style_transfer [INFO] 2020-12-19 11:01:52,501: Start run with kwargs = {'content_path': PosixPath('/content/style-transfer/datasets/style_transfer/content/turtle.jpg'), 'style_path': PosixPath('/content/style-transfer/datasets/style_transfer/style/kanagawa.jpg'), 'content_layers': ['block5_conv4'], 'style_layers': ['block5_conv1'], 'pre_training': True, 'learning_rate': 5, 'beta_1': 0.99, 'beta_2': 0.999, 'epsilon': 1e-07, 'amsgrad': False, 'content_weight': 1000.0, 'style_weight': 0.01, 'num_iterations': 1000}
style_transfer [INFO] 2020-12-19 11:03:59,793: Start run with kwargs = {'content_path': PosixPath('/content/style-transfer/datasets/style_transfer/content/turtle.jpg'), 'style_path': PosixPath('/content/style-transfer/datasets/style_transfer/style/kanagawa.jpg'), 'content_layers': ['block5_conv4'], 'style_layers': ['block1_conv1', 'block2_conv1', 'block3_conv1', 'block4_conv1'], 'pre_training': True, 'learning_rate': 5, 'beta_1': 0.99, 'beta_2': 0.999, 'epsilon': 1e-07, 'amsgrad': False, 'content_weight': 1000.0, 'style_weight': 0.01, 'num_iterations': 1000}
style_transfer [INFO] 2020-12-19 11:06:19,225: Start run with kwargs = {'content_path': PosixPath('/content/style-transfer/datasets/style_transfer/content/turtle.jpg'), 'style_path': PosixPath('/content/style-transfer/datasets/style_transfer/style/kanagawa.jpg'), 'content_layers': ['block5_conv4'], 'style_layers': ['block1_conv1', 'block2_conv1', 'block3_conv1'], 'pre_training': True, 'learning_rate': 5, 'beta_1': 0.99, 'beta_2': 0.999, 'epsilon': 1e-07, 'amsgrad': False, 'content_weight': 1000.0, 'style_weight': 0.01, 'num_iterations': 1000}
style_transfer [INFO] 2020-12-19 11:08:36,114: Start run with kwargs = {'content_path': PosixPath('/content/style-transfer/datasets/style_transfer/content/turtle.jpg'), 'style_path': PosixPath('/content/style-transfer/datasets/style_transfer/style/kanagawa.jpg'), 'content_layers': ['block5_conv4'], 'style_layers': ['block1_conv1', 'block2_conv1'], 'pre_training': True, 'learning_rate': 5, 'beta_1': 0.99, 'beta_2': 0.999, 'epsilon': 1e-07, 'amsgrad': False, 'content_weight': 1000.0, 'style_weight': 0.01, 'num_iterations': 1000}
style_transfer [INFO] 2020-12-19 11:10:49,280: Start run with kwargs = {'content_path': PosixPath('/content/style-transfer/datasets/style_transfer/content/turtle.jpg'), 'style_path': PosixPath('/content/style-transfer/datasets/style_transfer/style/kanagawa.jpg'), 'content_layers': ['block5_conv4'], 'style_layers': ['block1_conv1'], 'pre_training': True, 'learning_rate': 5, 'beta_1': 0.99, 'beta_2': 0.999, 'epsilon': 1e-07, 'amsgrad': False, 'content_weight': 1000.0, 'style_weight': 0.01, 'num_iterations': 1000}
style_transfer [INFO] 2020-12-19 11:12:59,266: Start run with kwargs = {'content_path': PosixPath('/content/style-transfer/datasets/style_transfer/content/turtle.jpg'), 'style_path': PosixPath('/content/style-transfer/datasets/style_transfer/style/kanagawa.jpg'), 'content_layers': ['block5_conv4'], 'style_layers': ['block1_conv1', 'block2_conv1', 'block2_conv3', 'block3_conv1', 'block4_conv1'], 'pre_training': True, 'learning_rate': 5, 'beta_1': 0.99, 'beta_2': 0.999, 'epsilon': 1e-07, 'amsgrad': False, 'content_weight': 1000.0, 'style_weight': 0.01, 'num_iterations': 1000}
style_transfer [ERROR] 2020-12-19 11:12:59,600: No such layer: block2_conv3.
Traceback (most recent call last):
  File "<ipython-input-5-b6f3ab7de6fa>", line 110, in <module>
    **kwargs
  File "/content/style-transfer/style_transfer/style_transfer.py", line 59, in run_style_transfer
    pre_training=pre_training,
  File "/content/style-transfer/style_transfer/model.py", line 34, in get_model
    style_outputs = [vgg.get_layer(name).output for name in style_layers]
  File "/content/style-transfer/style_transfer/model.py", line 34, in <listcomp>
    style_outputs = [vgg.get_layer(name).output for name in style_layers]
  File "/usr/local/lib/python3.6/dist-packages/tensorflow/python/keras/engine/training.py", line 2423, in get_layer
    raise ValueError('No such layer: ' + name + '.')
ValueError: No such layer: block2_conv3.
style_transfer [INFO] 2020-12-19 11:12:59,670: Start run with kwargs = {'content_path': PosixPath('/content/style-transfer/datasets/style_transfer/content/turtle.jpg'), 'style_path': PosixPath('/content/style-transfer/datasets/style_transfer/style/kanagawa.jpg'), 'content_layers': ['block5_conv4'], 'style_layers': ['block1_conv1', 'block2_conv1', 'block2_conv3', 'block3_conv1', 'block3_conv3'], 'pre_training': True, 'learning_rate': 5, 'beta_1': 0.99, 'beta_2': 0.999, 'epsilon': 1e-07, 'amsgrad': False, 'content_weight': 1000.0, 'style_weight': 0.01, 'num_iterations': 1000}
style_transfer [ERROR] 2020-12-19 11:13:00,003: No such layer: block2_conv3.
Traceback (most recent call last):
  File "<ipython-input-5-b6f3ab7de6fa>", line 110, in <module>
    **kwargs
  File "/content/style-transfer/style_transfer/style_transfer.py", line 59, in run_style_transfer
    pre_training=pre_training,
  File "/content/style-transfer/style_transfer/model.py", line 34, in get_model
    style_outputs = [vgg.get_layer(name).output for name in style_layers]
  File "/content/style-transfer/style_transfer/model.py", line 34, in <listcomp>
    style_outputs = [vgg.get_layer(name).output for name in style_layers]
  File "/usr/local/lib/python3.6/dist-packages/tensorflow/python/keras/engine/training.py", line 2423, in get_layer
    raise ValueError('No such layer: ' + name + '.')
ValueError: No such layer: block2_conv3.
style_transfer [INFO] 2020-12-19 11:13:00,054: Start run with kwargs = {'content_path': PosixPath('/content/style-transfer/datasets/style_transfer/content/turtle.jpg'), 'style_path': PosixPath('/content/style-transfer/datasets/style_transfer/style/kanagawa.jpg'), 'content_layers': ['block5_pool'], 'style_layers': ['block1_conv1', 'block2_conv1', 'block3_conv1', 'block4_conv1', 'block5_conv1'], 'pre_training': True, 'learning_rate': 5, 'beta_1': 0.99, 'beta_2': 0.999, 'epsilon': 1e-07, 'amsgrad': False, 'content_weight': 1000.0, 'style_weight': 0.01, 'num_iterations': 1000}
style_transfer [INFO] 2020-12-19 11:15:20,939: Start run with kwargs = {'content_path': PosixPath('/content/style-transfer/datasets/style_transfer/content/turtle.jpg'), 'style_path': PosixPath('/content/style-transfer/datasets/style_transfer/style/kanagawa.jpg'), 'content_layers': ['block5_pool'], 'style_layers': ['block2_conv1', 'block3_conv1', 'block4_conv1', 'block5_conv1'], 'pre_training': True, 'learning_rate': 5, 'beta_1': 0.99, 'beta_2': 0.999, 'epsilon': 1e-07, 'amsgrad': False, 'content_weight': 1000.0, 'style_weight': 0.01, 'num_iterations': 1000}
style_transfer [INFO] 2020-12-19 11:17:38,419: Start run with kwargs = {'content_path': PosixPath('/content/style-transfer/datasets/style_transfer/content/turtle.jpg'), 'style_path': PosixPath('/content/style-transfer/datasets/style_transfer/style/kanagawa.jpg'), 'content_layers': ['block5_pool'], 'style_layers': ['block3_conv1', 'block4_conv1', 'block5_conv1'], 'pre_training': True, 'learning_rate': 5, 'beta_1': 0.99, 'beta_2': 0.999, 'epsilon': 1e-07, 'amsgrad': False, 'content_weight': 1000.0, 'style_weight': 0.01, 'num_iterations': 1000}
style_transfer [INFO] 2020-12-19 11:19:51,702: Start run with kwargs = {'content_path': PosixPath('/content/style-transfer/datasets/style_transfer/content/turtle.jpg'), 'style_path': PosixPath('/content/style-transfer/datasets/style_transfer/style/kanagawa.jpg'), 'content_layers': ['block5_pool'], 'style_layers': ['block4_conv1', 'block5_conv1'], 'pre_training': True, 'learning_rate': 5, 'beta_1': 0.99, 'beta_2': 0.999, 'epsilon': 1e-07, 'amsgrad': False, 'content_weight': 1000.0, 'style_weight': 0.01, 'num_iterations': 1000}
style_transfer [INFO] 2020-12-19 11:22:02,090: Start run with kwargs = {'content_path': PosixPath('/content/style-transfer/datasets/style_transfer/content/turtle.jpg'), 'style_path': PosixPath('/content/style-transfer/datasets/style_transfer/style/kanagawa.jpg'), 'content_layers': ['block5_pool'], 'style_layers': ['block5_conv1'], 'pre_training': True, 'learning_rate': 5, 'beta_1': 0.99, 'beta_2': 0.999, 'epsilon': 1e-07, 'amsgrad': False, 'content_weight': 1000.0, 'style_weight': 0.01, 'num_iterations': 1000}
style_transfer [INFO] 2020-12-19 11:24:10,437: Start run with kwargs = {'content_path': PosixPath('/content/style-transfer/datasets/style_transfer/content/turtle.jpg'), 'style_path': PosixPath('/content/style-transfer/datasets/style_transfer/style/kanagawa.jpg'), 'content_layers': ['block5_pool'], 'style_layers': ['block1_conv1', 'block2_conv1', 'block3_conv1', 'block4_conv1'], 'pre_training': True, 'learning_rate': 5, 'beta_1': 0.99, 'beta_2': 0.999, 'epsilon': 1e-07, 'amsgrad': False, 'content_weight': 1000.0, 'style_weight': 0.01, 'num_iterations': 1000}
style_transfer [INFO] 2020-12-19 11:26:30,517: Start run with kwargs = {'content_path': PosixPath('/content/style-transfer/datasets/style_transfer/content/turtle.jpg'), 'style_path': PosixPath('/content/style-transfer/datasets/style_transfer/style/kanagawa.jpg'), 'content_layers': ['block5_pool'], 'style_layers': ['block1_conv1', 'block2_conv1', 'block3_conv1'], 'pre_training': True, 'learning_rate': 5, 'beta_1': 0.99, 'beta_2': 0.999, 'epsilon': 1e-07, 'amsgrad': False, 'content_weight': 1000.0, 'style_weight': 0.01, 'num_iterations': 1000}
style_transfer [INFO] 2020-12-19 11:28:48,080: Start run with kwargs = {'content_path': PosixPath('/content/style-transfer/datasets/style_transfer/content/turtle.jpg'), 'style_path': PosixPath('/content/style-transfer/datasets/style_transfer/style/kanagawa.jpg'), 'content_layers': ['block5_pool'], 'style_layers': ['block1_conv1', 'block2_conv1'], 'pre_training': True, 'learning_rate': 5, 'beta_1': 0.99, 'beta_2': 0.999, 'epsilon': 1e-07, 'amsgrad': False, 'content_weight': 1000.0, 'style_weight': 0.01, 'num_iterations': 1000}
style_transfer [INFO] 2020-12-19 11:31:02,168: Start run with kwargs = {'content_path': PosixPath('/content/style-transfer/datasets/style_transfer/content/turtle.jpg'), 'style_path': PosixPath('/content/style-transfer/datasets/style_transfer/style/kanagawa.jpg'), 'content_layers': ['block5_pool'], 'style_layers': ['block1_conv1'], 'pre_training': True, 'learning_rate': 5, 'beta_1': 0.99, 'beta_2': 0.999, 'epsilon': 1e-07, 'amsgrad': False, 'content_weight': 1000.0, 'style_weight': 0.01, 'num_iterations': 1000}
style_transfer [INFO] 2020-12-19 11:33:12,735: Start run with kwargs = {'content_path': PosixPath('/content/style-transfer/datasets/style_transfer/content/turtle.jpg'), 'style_path': PosixPath('/content/style-transfer/datasets/style_transfer/style/kanagawa.jpg'), 'content_layers': ['block5_pool'], 'style_layers': ['block1_conv1', 'block2_conv1', 'block2_conv3', 'block3_conv1', 'block4_conv1'], 'pre_training': True, 'learning_rate': 5, 'beta_1': 0.99, 'beta_2': 0.999, 'epsilon': 1e-07, 'amsgrad': False, 'content_weight': 1000.0, 'style_weight': 0.01, 'num_iterations': 1000}
style_transfer [ERROR] 2020-12-19 11:33:13,079: No such layer: block2_conv3.
Traceback (most recent call last):
  File "<ipython-input-5-b6f3ab7de6fa>", line 110, in <module>
    **kwargs
  File "/content/style-transfer/style_transfer/style_transfer.py", line 59, in run_style_transfer
    pre_training=pre_training,
  File "/content/style-transfer/style_transfer/model.py", line 34, in get_model
    style_outputs = [vgg.get_layer(name).output for name in style_layers]
  File "/content/style-transfer/style_transfer/model.py", line 34, in <listcomp>
    style_outputs = [vgg.get_layer(name).output for name in style_layers]
  File "/usr/local/lib/python3.6/dist-packages/tensorflow/python/keras/engine/training.py", line 2423, in get_layer
    raise ValueError('No such layer: ' + name + '.')
ValueError: No such layer: block2_conv3.
style_transfer [INFO] 2020-12-19 11:33:13,148: Start run with kwargs = {'content_path': PosixPath('/content/style-transfer/datasets/style_transfer/content/turtle.jpg'), 'style_path': PosixPath('/content/style-transfer/datasets/style_transfer/style/kanagawa.jpg'), 'content_layers': ['block5_pool'], 'style_layers': ['block1_conv1', 'block2_conv1', 'block2_conv3', 'block3_conv1', 'block3_conv3'], 'pre_training': True, 'learning_rate': 5, 'beta_1': 0.99, 'beta_2': 0.999, 'epsilon': 1e-07, 'amsgrad': False, 'content_weight': 1000.0, 'style_weight': 0.01, 'num_iterations': 1000}
style_transfer [ERROR] 2020-12-19 11:33:13,470: No such layer: block2_conv3.
Traceback (most recent call last):
  File "<ipython-input-5-b6f3ab7de6fa>", line 110, in <module>
    **kwargs
  File "/content/style-transfer/style_transfer/style_transfer.py", line 59, in run_style_transfer
    pre_training=pre_training,
  File "/content/style-transfer/style_transfer/model.py", line 34, in get_model
    style_outputs = [vgg.get_layer(name).output for name in style_layers]
  File "/content/style-transfer/style_transfer/model.py", line 34, in <listcomp>
    style_outputs = [vgg.get_layer(name).output for name in style_layers]
  File "/usr/local/lib/python3.6/dist-packages/tensorflow/python/keras/engine/training.py", line 2423, in get_layer
    raise ValueError('No such layer: ' + name + '.')
ValueError: No such layer: block2_conv3.
style_transfer [INFO] 2020-12-19 11:33:13,517: Start run with kwargs = {'content_path': PosixPath('/content/style-transfer/datasets/style_transfer/content/turtle.jpg'), 'style_path': PosixPath('/content/style-transfer/datasets/style_transfer/style/kanagawa.jpg'), 'content_layers': ['block4_conv2'], 'style_layers': ['block1_conv1', 'block2_conv1', 'block3_conv1', 'block4_conv1', 'block5_conv1'], 'pre_training': True, 'learning_rate': 5, 'beta_1': 0.99, 'beta_2': 0.999, 'epsilon': 1e-07, 'amsgrad': False, 'content_weight': 1000.0, 'style_weight': 0.01, 'num_iterations': 1000}
style_transfer [INFO] 2020-12-19 11:35:24,102: Start run with kwargs = {'content_path': PosixPath('/content/style-transfer/datasets/style_transfer/content/turtle.jpg'), 'style_path': PosixPath('/content/style-transfer/datasets/style_transfer/style/kanagawa.jpg'), 'content_layers': ['block4_conv2'], 'style_layers': ['block2_conv1', 'block3_conv1', 'block4_conv1', 'block5_conv1'], 'pre_training': True, 'learning_rate': 5, 'beta_1': 0.99, 'beta_2': 0.999, 'epsilon': 1e-07, 'amsgrad': False, 'content_weight': 1000.0, 'style_weight': 0.01, 'num_iterations': 1000}
style_transfer [INFO] 2020-12-19 11:37:28,012: Start run with kwargs = {'content_path': PosixPath('/content/style-transfer/datasets/style_transfer/content/turtle.jpg'), 'style_path': PosixPath('/content/style-transfer/datasets/style_transfer/style/kanagawa.jpg'), 'content_layers': ['block4_conv2'], 'style_layers': ['block3_conv1', 'block4_conv1', 'block5_conv1'], 'pre_training': True, 'learning_rate': 5, 'beta_1': 0.99, 'beta_2': 0.999, 'epsilon': 1e-07, 'amsgrad': False, 'content_weight': 1000.0, 'style_weight': 0.01, 'num_iterations': 1000}
style_transfer [INFO] 2020-12-19 11:39:32,289: Start run with kwargs = {'content_path': PosixPath('/content/style-transfer/datasets/style_transfer/content/turtle.jpg'), 'style_path': PosixPath('/content/style-transfer/datasets/style_transfer/style/kanagawa.jpg'), 'content_layers': ['block4_conv2'], 'style_layers': ['block4_conv1', 'block5_conv1'], 'pre_training': True, 'learning_rate': 5, 'beta_1': 0.99, 'beta_2': 0.999, 'epsilon': 1e-07, 'amsgrad': False, 'content_weight': 1000.0, 'style_weight': 0.01, 'num_iterations': 1000}
style_transfer [INFO] 2020-12-19 11:41:32,762: Start run with kwargs = {'content_path': PosixPath('/content/style-transfer/datasets/style_transfer/content/turtle.jpg'), 'style_path': PosixPath('/content/style-transfer/datasets/style_transfer/style/kanagawa.jpg'), 'content_layers': ['block4_conv2'], 'style_layers': ['block5_conv1'], 'pre_training': True, 'learning_rate': 5, 'beta_1': 0.99, 'beta_2': 0.999, 'epsilon': 1e-07, 'amsgrad': False, 'content_weight': 1000.0, 'style_weight': 0.01, 'num_iterations': 1000}
style_transfer [INFO] 2020-12-19 11:43:26,157: Start run with kwargs = {'content_path': PosixPath('/content/style-transfer/datasets/style_transfer/content/turtle.jpg'), 'style_path': PosixPath('/content/style-transfer/datasets/style_transfer/style/kanagawa.jpg'), 'content_layers': ['block4_conv2'], 'style_layers': ['block1_conv1', 'block2_conv1', 'block3_conv1', 'block4_conv1'], 'pre_training': True, 'learning_rate': 5, 'beta_1': 0.99, 'beta_2': 0.999, 'epsilon': 1e-07, 'amsgrad': False, 'content_weight': 1000.0, 'style_weight': 0.01, 'num_iterations': 1000}
style_transfer [INFO] 2020-12-19 11:45:16,086: Start run with kwargs = {'content_path': PosixPath('/content/style-transfer/datasets/style_transfer/content/turtle.jpg'), 'style_path': PosixPath('/content/style-transfer/datasets/style_transfer/style/kanagawa.jpg'), 'content_layers': ['block4_conv2'], 'style_layers': ['block1_conv1', 'block2_conv1', 'block3_conv1'], 'pre_training': True, 'learning_rate': 5, 'beta_1': 0.99, 'beta_2': 0.999, 'epsilon': 1e-07, 'amsgrad': False, 'content_weight': 1000.0, 'style_weight': 0.01, 'num_iterations': 1000}
style_transfer [INFO] 2020-12-19 11:47:02,687: Start run with kwargs = {'content_path': PosixPath('/content/style-transfer/datasets/style_transfer/content/turtle.jpg'), 'style_path': PosixPath('/content/style-transfer/datasets/style_transfer/style/kanagawa.jpg'), 'content_layers': ['block4_conv2'], 'style_layers': ['block1_conv1', 'block2_conv1'], 'pre_training': True, 'learning_rate': 5, 'beta_1': 0.99, 'beta_2': 0.999, 'epsilon': 1e-07, 'amsgrad': False, 'content_weight': 1000.0, 'style_weight': 0.01, 'num_iterations': 1000}
style_transfer [INFO] 2020-12-19 11:48:45,266: Start run with kwargs = {'content_path': PosixPath('/content/style-transfer/datasets/style_transfer/content/turtle.jpg'), 'style_path': PosixPath('/content/style-transfer/datasets/style_transfer/style/kanagawa.jpg'), 'content_layers': ['block4_conv2'], 'style_layers': ['block1_conv1'], 'pre_training': True, 'learning_rate': 5, 'beta_1': 0.99, 'beta_2': 0.999, 'epsilon': 1e-07, 'amsgrad': False, 'content_weight': 1000.0, 'style_weight': 0.01, 'num_iterations': 1000}
style_transfer [INFO] 2020-12-19 11:50:22,896: Start run with kwargs = {'content_path': PosixPath('/content/style-transfer/datasets/style_transfer/content/turtle.jpg'), 'style_path': PosixPath('/content/style-transfer/datasets/style_transfer/style/kanagawa.jpg'), 'content_layers': ['block4_conv2'], 'style_layers': ['block1_conv1', 'block2_conv1', 'block2_conv3', 'block3_conv1', 'block4_conv1'], 'pre_training': True, 'learning_rate': 5, 'beta_1': 0.99, 'beta_2': 0.999, 'epsilon': 1e-07, 'amsgrad': False, 'content_weight': 1000.0, 'style_weight': 0.01, 'num_iterations': 1000}
style_transfer [ERROR] 2020-12-19 11:50:23,226: No such layer: block2_conv3.
Traceback (most recent call last):
  File "<ipython-input-5-b6f3ab7de6fa>", line 110, in <module>
    **kwargs
  File "/content/style-transfer/style_transfer/style_transfer.py", line 59, in run_style_transfer
    pre_training=pre_training,
  File "/content/style-transfer/style_transfer/model.py", line 34, in get_model
    style_outputs = [vgg.get_layer(name).output for name in style_layers]
  File "/content/style-transfer/style_transfer/model.py", line 34, in <listcomp>
    style_outputs = [vgg.get_layer(name).output for name in style_layers]
  File "/usr/local/lib/python3.6/dist-packages/tensorflow/python/keras/engine/training.py", line 2423, in get_layer
    raise ValueError('No such layer: ' + name + '.')
ValueError: No such layer: block2_conv3.
style_transfer [INFO] 2020-12-19 11:50:23,274: Start run with kwargs = {'content_path': PosixPath('/content/style-transfer/datasets/style_transfer/content/turtle.jpg'), 'style_path': PosixPath('/content/style-transfer/datasets/style_transfer/style/kanagawa.jpg'), 'content_layers': ['block4_conv2'], 'style_layers': ['block1_conv1', 'block2_conv1', 'block2_conv3', 'block3_conv1', 'block3_conv3'], 'pre_training': True, 'learning_rate': 5, 'beta_1': 0.99, 'beta_2': 0.999, 'epsilon': 1e-07, 'amsgrad': False, 'content_weight': 1000.0, 'style_weight': 0.01, 'num_iterations': 1000}
style_transfer [ERROR] 2020-12-19 11:50:23,593: No such layer: block2_conv3.
Traceback (most recent call last):
  File "<ipython-input-5-b6f3ab7de6fa>", line 110, in <module>
    **kwargs
  File "/content/style-transfer/style_transfer/style_transfer.py", line 59, in run_style_transfer
    pre_training=pre_training,
  File "/content/style-transfer/style_transfer/model.py", line 34, in get_model
    style_outputs = [vgg.get_layer(name).output for name in style_layers]
  File "/content/style-transfer/style_transfer/model.py", line 34, in <listcomp>
    style_outputs = [vgg.get_layer(name).output for name in style_layers]
  File "/usr/local/lib/python3.6/dist-packages/tensorflow/python/keras/engine/training.py", line 2423, in get_layer
    raise ValueError('No such layer: ' + name + '.')
ValueError: No such layer: block2_conv3.
style_transfer [INFO] 2020-12-19 11:50:23,785: Start run with kwargs = {'content_path': PosixPath('/content/style-transfer/datasets/style_transfer/content/turtle.jpg'), 'style_path': PosixPath('/content/style-transfer/datasets/style_transfer/style/kanagawa.jpg'), 'content_layers': ['block3_conv2'], 'style_layers': ['block1_conv1', 'block2_conv1', 'block3_conv1', 'block4_conv1', 'block5_conv1'], 'pre_training': True, 'learning_rate': 5, 'beta_1': 0.99, 'beta_2': 0.999, 'epsilon': 1e-07, 'amsgrad': False, 'content_weight': 1000.0, 'style_weight': 0.01, 'num_iterations': 1000}
style_transfer [INFO] 2020-12-19 11:52:34,219: Start run with kwargs = {'content_path': PosixPath('/content/style-transfer/datasets/style_transfer/content/turtle.jpg'), 'style_path': PosixPath('/content/style-transfer/datasets/style_transfer/style/kanagawa.jpg'), 'content_layers': ['block3_conv2'], 'style_layers': ['block2_conv1', 'block3_conv1', 'block4_conv1', 'block5_conv1'], 'pre_training': True, 'learning_rate': 5, 'beta_1': 0.99, 'beta_2': 0.999, 'epsilon': 1e-07, 'amsgrad': False, 'content_weight': 1000.0, 'style_weight': 0.01, 'num_iterations': 1000}
style_transfer [INFO] 2020-12-19 11:54:39,166: Start run with kwargs = {'content_path': PosixPath('/content/style-transfer/datasets/style_transfer/content/turtle.jpg'), 'style_path': PosixPath('/content/style-transfer/datasets/style_transfer/style/kanagawa.jpg'), 'content_layers': ['block3_conv2'], 'style_layers': ['block3_conv1', 'block4_conv1', 'block5_conv1'], 'pre_training': True, 'learning_rate': 5, 'beta_1': 0.99, 'beta_2': 0.999, 'epsilon': 1e-07, 'amsgrad': False, 'content_weight': 1000.0, 'style_weight': 0.01, 'num_iterations': 1000}
style_transfer [INFO] 2020-12-19 11:56:42,421: Start run with kwargs = {'content_path': PosixPath('/content/style-transfer/datasets/style_transfer/content/turtle.jpg'), 'style_path': PosixPath('/content/style-transfer/datasets/style_transfer/style/kanagawa.jpg'), 'content_layers': ['block3_conv2'], 'style_layers': ['block4_conv1', 'block5_conv1'], 'pre_training': True, 'learning_rate': 5, 'beta_1': 0.99, 'beta_2': 0.999, 'epsilon': 1e-07, 'amsgrad': False, 'content_weight': 1000.0, 'style_weight': 0.01, 'num_iterations': 1000}
style_transfer [INFO] 2020-12-19 11:58:43,164: Start run with kwargs = {'content_path': PosixPath('/content/style-transfer/datasets/style_transfer/content/turtle.jpg'), 'style_path': PosixPath('/content/style-transfer/datasets/style_transfer/style/kanagawa.jpg'), 'content_layers': ['block3_conv2'], 'style_layers': ['block5_conv1'], 'pre_training': True, 'learning_rate': 5, 'beta_1': 0.99, 'beta_2': 0.999, 'epsilon': 1e-07, 'amsgrad': False, 'content_weight': 1000.0, 'style_weight': 0.01, 'num_iterations': 1000}
style_transfer [INFO] 2020-12-19 12:00:35,311: Start run with kwargs = {'content_path': PosixPath('/content/style-transfer/datasets/style_transfer/content/turtle.jpg'), 'style_path': PosixPath('/content/style-transfer/datasets/style_transfer/style/kanagawa.jpg'), 'content_layers': ['block3_conv2'], 'style_layers': ['block1_conv1', 'block2_conv1', 'block3_conv1', 'block4_conv1'], 'pre_training': True, 'learning_rate': 5, 'beta_1': 0.99, 'beta_2': 0.999, 'epsilon': 1e-07, 'amsgrad': False, 'content_weight': 1000.0, 'style_weight': 0.01, 'num_iterations': 1000}
style_transfer [INFO] 2020-12-19 12:02:18,427: Start run with kwargs = {'content_path': PosixPath('/content/style-transfer/datasets/style_transfer/content/turtle.jpg'), 'style_path': PosixPath('/content/style-transfer/datasets/style_transfer/style/kanagawa.jpg'), 'content_layers': ['block3_conv2'], 'style_layers': ['block1_conv1', 'block2_conv1', 'block3_conv1'], 'pre_training': True, 'learning_rate': 5, 'beta_1': 0.99, 'beta_2': 0.999, 'epsilon': 1e-07, 'amsgrad': False, 'content_weight': 1000.0, 'style_weight': 0.01, 'num_iterations': 1000}
style_transfer [INFO] 2020-12-19 12:03:40,450: Start run with kwargs = {'content_path': PosixPath('/content/style-transfer/datasets/style_transfer/content/turtle.jpg'), 'style_path': PosixPath('/content/style-transfer/datasets/style_transfer/style/kanagawa.jpg'), 'content_layers': ['block3_conv2'], 'style_layers': ['block1_conv1', 'block2_conv1'], 'pre_training': True, 'learning_rate': 5, 'beta_1': 0.99, 'beta_2': 0.999, 'epsilon': 1e-07, 'amsgrad': False, 'content_weight': 1000.0, 'style_weight': 0.01, 'num_iterations': 1000}
style_transfer [INFO] 2020-12-19 12:04:59,517: Start run with kwargs = {'content_path': PosixPath('/content/style-transfer/datasets/style_transfer/content/turtle.jpg'), 'style_path': PosixPath('/content/style-transfer/datasets/style_transfer/style/kanagawa.jpg'), 'content_layers': ['block3_conv2'], 'style_layers': ['block1_conv1'], 'pre_training': True, 'learning_rate': 5, 'beta_1': 0.99, 'beta_2': 0.999, 'epsilon': 1e-07, 'amsgrad': False, 'content_weight': 1000.0, 'style_weight': 0.01, 'num_iterations': 1000}
style_transfer [INFO] 2020-12-19 12:06:12,222: Start run with kwargs = {'content_path': PosixPath('/content/style-transfer/datasets/style_transfer/content/turtle.jpg'), 'style_path': PosixPath('/content/style-transfer/datasets/style_transfer/style/kanagawa.jpg'), 'content_layers': ['block3_conv2'], 'style_layers': ['block1_conv1', 'block2_conv1', 'block2_conv3', 'block3_conv1', 'block4_conv1'], 'pre_training': True, 'learning_rate': 5, 'beta_1': 0.99, 'beta_2': 0.999, 'epsilon': 1e-07, 'amsgrad': False, 'content_weight': 1000.0, 'style_weight': 0.01, 'num_iterations': 1000}
style_transfer [ERROR] 2020-12-19 12:06:12,569: No such layer: block2_conv3.
Traceback (most recent call last):
  File "<ipython-input-5-b6f3ab7de6fa>", line 110, in <module>
    **kwargs
  File "/content/style-transfer/style_transfer/style_transfer.py", line 59, in run_style_transfer
    pre_training=pre_training,
  File "/content/style-transfer/style_transfer/model.py", line 34, in get_model
    style_outputs = [vgg.get_layer(name).output for name in style_layers]
  File "/content/style-transfer/style_transfer/model.py", line 34, in <listcomp>
    style_outputs = [vgg.get_layer(name).output for name in style_layers]
  File "/usr/local/lib/python3.6/dist-packages/tensorflow/python/keras/engine/training.py", line 2423, in get_layer
    raise ValueError('No such layer: ' + name + '.')
ValueError: No such layer: block2_conv3.
style_transfer [INFO] 2020-12-19 12:06:12,622: Start run with kwargs = {'content_path': PosixPath('/content/style-transfer/datasets/style_transfer/content/turtle.jpg'), 'style_path': PosixPath('/content/style-transfer/datasets/style_transfer/style/kanagawa.jpg'), 'content_layers': ['block3_conv2'], 'style_layers': ['block1_conv1', 'block2_conv1', 'block2_conv3', 'block3_conv1', 'block3_conv3'], 'pre_training': True, 'learning_rate': 5, 'beta_1': 0.99, 'beta_2': 0.999, 'epsilon': 1e-07, 'amsgrad': False, 'content_weight': 1000.0, 'style_weight': 0.01, 'num_iterations': 1000}
style_transfer [ERROR] 2020-12-19 12:06:12,963: No such layer: block2_conv3.
Traceback (most recent call last):
  File "<ipython-input-5-b6f3ab7de6fa>", line 110, in <module>
    **kwargs
  File "/content/style-transfer/style_transfer/style_transfer.py", line 59, in run_style_transfer
    pre_training=pre_training,
  File "/content/style-transfer/style_transfer/model.py", line 34, in get_model
    style_outputs = [vgg.get_layer(name).output for name in style_layers]
  File "/content/style-transfer/style_transfer/model.py", line 34, in <listcomp>
    style_outputs = [vgg.get_layer(name).output for name in style_layers]
  File "/usr/local/lib/python3.6/dist-packages/tensorflow/python/keras/engine/training.py", line 2423, in get_layer
    raise ValueError('No such layer: ' + name + '.')
ValueError: No such layer: block2_conv3.
style_transfer [INFO] 2020-12-19 12:06:13,157: Start run with kwargs = {'content_path': PosixPath('/content/style-transfer/datasets/style_transfer/content/turtle.jpg'), 'style_path': PosixPath('/content/style-transfer/datasets/style_transfer/style/kanagawa.jpg'), 'content_layers': ['block2_conv2'], 'style_layers': ['block1_conv1', 'block2_conv1', 'block3_conv1', 'block4_conv1', 'block5_conv1'], 'pre_training': True, 'learning_rate': 5, 'beta_1': 0.99, 'beta_2': 0.999, 'epsilon': 1e-07, 'amsgrad': False, 'content_weight': 1000.0, 'style_weight': 0.01, 'num_iterations': 1000}
style_transfer [INFO] 2020-12-19 12:08:23,676: Start run with kwargs = {'content_path': PosixPath('/content/style-transfer/datasets/style_transfer/content/turtle.jpg'), 'style_path': PosixPath('/content/style-transfer/datasets/style_transfer/style/kanagawa.jpg'), 'content_layers': ['block2_conv2'], 'style_layers': ['block2_conv1', 'block3_conv1', 'block4_conv1', 'block5_conv1'], 'pre_training': True, 'learning_rate': 5, 'beta_1': 0.99, 'beta_2': 0.999, 'epsilon': 1e-07, 'amsgrad': False, 'content_weight': 1000.0, 'style_weight': 0.01, 'num_iterations': 1000}
style_transfer [INFO] 2020-12-19 12:10:28,210: Start run with kwargs = {'content_path': PosixPath('/content/style-transfer/datasets/style_transfer/content/turtle.jpg'), 'style_path': PosixPath('/content/style-transfer/datasets/style_transfer/style/kanagawa.jpg'), 'content_layers': ['block2_conv2'], 'style_layers': ['block3_conv1', 'block4_conv1', 'block5_conv1'], 'pre_training': True, 'learning_rate': 5, 'beta_1': 0.99, 'beta_2': 0.999, 'epsilon': 1e-07, 'amsgrad': False, 'content_weight': 1000.0, 'style_weight': 0.01, 'num_iterations': 1000}
style_transfer [INFO] 2020-12-19 12:12:31,380: Start run with kwargs = {'content_path': PosixPath('/content/style-transfer/datasets/style_transfer/content/turtle.jpg'), 'style_path': PosixPath('/content/style-transfer/datasets/style_transfer/style/kanagawa.jpg'), 'content_layers': ['block2_conv2'], 'style_layers': ['block4_conv1', 'block5_conv1'], 'pre_training': True, 'learning_rate': 5, 'beta_1': 0.99, 'beta_2': 0.999, 'epsilon': 1e-07, 'amsgrad': False, 'content_weight': 1000.0, 'style_weight': 0.01, 'num_iterations': 1000}
style_transfer [INFO] 2020-12-19 12:14:32,695: Start run with kwargs = {'content_path': PosixPath('/content/style-transfer/datasets/style_transfer/content/turtle.jpg'), 'style_path': PosixPath('/content/style-transfer/datasets/style_transfer/style/kanagawa.jpg'), 'content_layers': ['block2_conv2'], 'style_layers': ['block5_conv1'], 'pre_training': True, 'learning_rate': 5, 'beta_1': 0.99, 'beta_2': 0.999, 'epsilon': 1e-07, 'amsgrad': False, 'content_weight': 1000.0, 'style_weight': 0.01, 'num_iterations': 1000}
style_transfer [INFO] 2020-12-19 12:16:27,068: Start run with kwargs = {'content_path': PosixPath('/content/style-transfer/datasets/style_transfer/content/turtle.jpg'), 'style_path': PosixPath('/content/style-transfer/datasets/style_transfer/style/kanagawa.jpg'), 'content_layers': ['block2_conv2'], 'style_layers': ['block1_conv1', 'block2_conv1', 'block3_conv1', 'block4_conv1'], 'pre_training': True, 'learning_rate': 5, 'beta_1': 0.99, 'beta_2': 0.999, 'epsilon': 1e-07, 'amsgrad': False, 'content_weight': 1000.0, 'style_weight': 0.01, 'num_iterations': 1000}
style_transfer [INFO] 2020-12-19 12:18:09,560: Start run with kwargs = {'content_path': PosixPath('/content/style-transfer/datasets/style_transfer/content/turtle.jpg'), 'style_path': PosixPath('/content/style-transfer/datasets/style_transfer/style/kanagawa.jpg'), 'content_layers': ['block2_conv2'], 'style_layers': ['block1_conv1', 'block2_conv1', 'block3_conv1'], 'pre_training': True, 'learning_rate': 5, 'beta_1': 0.99, 'beta_2': 0.999, 'epsilon': 1e-07, 'amsgrad': False, 'content_weight': 1000.0, 'style_weight': 0.01, 'num_iterations': 1000}
style_transfer [INFO] 2020-12-19 12:19:24,459: Start run with kwargs = {'content_path': PosixPath('/content/style-transfer/datasets/style_transfer/content/turtle.jpg'), 'style_path': PosixPath('/content/style-transfer/datasets/style_transfer/style/kanagawa.jpg'), 'content_layers': ['block2_conv2'], 'style_layers': ['block1_conv1', 'block2_conv1'], 'pre_training': True, 'learning_rate': 5, 'beta_1': 0.99, 'beta_2': 0.999, 'epsilon': 1e-07, 'amsgrad': False, 'content_weight': 1000.0, 'style_weight': 0.01, 'num_iterations': 1000}
style_transfer [INFO] 2020-12-19 12:20:27,151: Start run with kwargs = {'content_path': PosixPath('/content/style-transfer/datasets/style_transfer/content/turtle.jpg'), 'style_path': PosixPath('/content/style-transfer/datasets/style_transfer/style/kanagawa.jpg'), 'content_layers': ['block2_conv2'], 'style_layers': ['block1_conv1'], 'pre_training': True, 'learning_rate': 5, 'beta_1': 0.99, 'beta_2': 0.999, 'epsilon': 1e-07, 'amsgrad': False, 'content_weight': 1000.0, 'style_weight': 0.01, 'num_iterations': 1000}
style_transfer [INFO] 2020-12-19 12:21:24,390: Start run with kwargs = {'content_path': PosixPath('/content/style-transfer/datasets/style_transfer/content/turtle.jpg'), 'style_path': PosixPath('/content/style-transfer/datasets/style_transfer/style/kanagawa.jpg'), 'content_layers': ['block2_conv2'], 'style_layers': ['block1_conv1', 'block2_conv1', 'block2_conv3', 'block3_conv1', 'block4_conv1'], 'pre_training': True, 'learning_rate': 5, 'beta_1': 0.99, 'beta_2': 0.999, 'epsilon': 1e-07, 'amsgrad': False, 'content_weight': 1000.0, 'style_weight': 0.01, 'num_iterations': 1000}
style_transfer [ERROR] 2020-12-19 12:21:24,735: No such layer: block2_conv3.
Traceback (most recent call last):
  File "<ipython-input-5-b6f3ab7de6fa>", line 110, in <module>
    **kwargs
  File "/content/style-transfer/style_transfer/style_transfer.py", line 59, in run_style_transfer
    pre_training=pre_training,
  File "/content/style-transfer/style_transfer/model.py", line 34, in get_model
    style_outputs = [vgg.get_layer(name).output for name in style_layers]
  File "/content/style-transfer/style_transfer/model.py", line 34, in <listcomp>
    style_outputs = [vgg.get_layer(name).output for name in style_layers]
  File "/usr/local/lib/python3.6/dist-packages/tensorflow/python/keras/engine/training.py", line 2423, in get_layer
    raise ValueError('No such layer: ' + name + '.')
ValueError: No such layer: block2_conv3.
style_transfer [INFO] 2020-12-19 12:21:24,787: Start run with kwargs = {'content_path': PosixPath('/content/style-transfer/datasets/style_transfer/content/turtle.jpg'), 'style_path': PosixPath('/content/style-transfer/datasets/style_transfer/style/kanagawa.jpg'), 'content_layers': ['block2_conv2'], 'style_layers': ['block1_conv1', 'block2_conv1', 'block2_conv3', 'block3_conv1', 'block3_conv3'], 'pre_training': True, 'learning_rate': 5, 'beta_1': 0.99, 'beta_2': 0.999, 'epsilon': 1e-07, 'amsgrad': False, 'content_weight': 1000.0, 'style_weight': 0.01, 'num_iterations': 1000}
style_transfer [ERROR] 2020-12-19 12:21:25,115: No such layer: block2_conv3.
Traceback (most recent call last):
  File "<ipython-input-5-b6f3ab7de6fa>", line 110, in <module>
    **kwargs
  File "/content/style-transfer/style_transfer/style_transfer.py", line 59, in run_style_transfer
    pre_training=pre_training,
  File "/content/style-transfer/style_transfer/model.py", line 34, in get_model
    style_outputs = [vgg.get_layer(name).output for name in style_layers]
  File "/content/style-transfer/style_transfer/model.py", line 34, in <listcomp>
    style_outputs = [vgg.get_layer(name).output for name in style_layers]
  File "/usr/local/lib/python3.6/dist-packages/tensorflow/python/keras/engine/training.py", line 2423, in get_layer
    raise ValueError('No such layer: ' + name + '.')
ValueError: No such layer: block2_conv3.
style_transfer [INFO] 2020-12-19 12:21:25,300: Start run with kwargs = {'content_path': PosixPath('/content/style-transfer/datasets/style_transfer/content/turtle.jpg'), 'style_path': PosixPath('/content/style-transfer/datasets/style_transfer/style/kanagawa.jpg'), 'content_layers': ['block1_conv2'], 'style_layers': ['block1_conv1', 'block2_conv1', 'block3_conv1', 'block4_conv1', 'block5_conv1'], 'pre_training': True, 'learning_rate': 5, 'beta_1': 0.99, 'beta_2': 0.999, 'epsilon': 1e-07, 'amsgrad': False, 'content_weight': 1000.0, 'style_weight': 0.01, 'num_iterations': 1000}
style_transfer [INFO] 2020-12-19 12:23:37,323: Start run with kwargs = {'content_path': PosixPath('/content/style-transfer/datasets/style_transfer/content/turtle.jpg'), 'style_path': PosixPath('/content/style-transfer/datasets/style_transfer/style/kanagawa.jpg'), 'content_layers': ['block1_conv2'], 'style_layers': ['block2_conv1', 'block3_conv1', 'block4_conv1', 'block5_conv1'], 'pre_training': True, 'learning_rate': 5, 'beta_1': 0.99, 'beta_2': 0.999, 'epsilon': 1e-07, 'amsgrad': False, 'content_weight': 1000.0, 'style_weight': 0.01, 'num_iterations': 1000}
style_transfer [INFO] 2020-12-19 12:25:45,059: Start run with kwargs = {'content_path': PosixPath('/content/style-transfer/datasets/style_transfer/content/turtle.jpg'), 'style_path': PosixPath('/content/style-transfer/datasets/style_transfer/style/kanagawa.jpg'), 'content_layers': ['block1_conv2'], 'style_layers': ['block3_conv1', 'block4_conv1', 'block5_conv1'], 'pre_training': True, 'learning_rate': 5, 'beta_1': 0.99, 'beta_2': 0.999, 'epsilon': 1e-07, 'amsgrad': False, 'content_weight': 1000.0, 'style_weight': 0.01, 'num_iterations': 1000}
style_transfer [INFO] 2020-12-19 12:27:48,862: Start run with kwargs = {'content_path': PosixPath('/content/style-transfer/datasets/style_transfer/content/turtle.jpg'), 'style_path': PosixPath('/content/style-transfer/datasets/style_transfer/style/kanagawa.jpg'), 'content_layers': ['block1_conv2'], 'style_layers': ['block4_conv1', 'block5_conv1'], 'pre_training': True, 'learning_rate': 5, 'beta_1': 0.99, 'beta_2': 0.999, 'epsilon': 1e-07, 'amsgrad': False, 'content_weight': 1000.0, 'style_weight': 0.01, 'num_iterations': 1000}
style_transfer [INFO] 2020-12-19 12:29:52,273: Start run with kwargs = {'content_path': PosixPath('/content/style-transfer/datasets/style_transfer/content/turtle.jpg'), 'style_path': PosixPath('/content/style-transfer/datasets/style_transfer/style/kanagawa.jpg'), 'content_layers': ['block1_conv2'], 'style_layers': ['block5_conv1'], 'pre_training': True, 'learning_rate': 5, 'beta_1': 0.99, 'beta_2': 0.999, 'epsilon': 1e-07, 'amsgrad': False, 'content_weight': 1000.0, 'style_weight': 0.01, 'num_iterations': 1000}
style_transfer [INFO] 2020-12-19 12:31:50,953: Start run with kwargs = {'content_path': PosixPath('/content/style-transfer/datasets/style_transfer/content/turtle.jpg'), 'style_path': PosixPath('/content/style-transfer/datasets/style_transfer/style/kanagawa.jpg'), 'content_layers': ['block1_conv2'], 'style_layers': ['block1_conv1', 'block2_conv1', 'block3_conv1', 'block4_conv1'], 'pre_training': True, 'learning_rate': 5, 'beta_1': 0.99, 'beta_2': 0.999, 'epsilon': 1e-07, 'amsgrad': False, 'content_weight': 1000.0, 'style_weight': 0.01, 'num_iterations': 1000}
style_transfer [INFO] 2020-12-19 12:33:34,767: Start run with kwargs = {'content_path': PosixPath('/content/style-transfer/datasets/style_transfer/content/turtle.jpg'), 'style_path': PosixPath('/content/style-transfer/datasets/style_transfer/style/kanagawa.jpg'), 'content_layers': ['block1_conv2'], 'style_layers': ['block1_conv1', 'block2_conv1', 'block3_conv1'], 'pre_training': True, 'learning_rate': 5, 'beta_1': 0.99, 'beta_2': 0.999, 'epsilon': 1e-07, 'amsgrad': False, 'content_weight': 1000.0, 'style_weight': 0.01, 'num_iterations': 1000}
style_transfer [INFO] 2020-12-19 12:34:51,738: Start run with kwargs = {'content_path': PosixPath('/content/style-transfer/datasets/style_transfer/content/turtle.jpg'), 'style_path': PosixPath('/content/style-transfer/datasets/style_transfer/style/kanagawa.jpg'), 'content_layers': ['block1_conv2'], 'style_layers': ['block1_conv1', 'block2_conv1'], 'pre_training': True, 'learning_rate': 5, 'beta_1': 0.99, 'beta_2': 0.999, 'epsilon': 1e-07, 'amsgrad': False, 'content_weight': 1000.0, 'style_weight': 0.01, 'num_iterations': 1000}
style_transfer [INFO] 2020-12-19 12:35:48,667: Start run with kwargs = {'content_path': PosixPath('/content/style-transfer/datasets/style_transfer/content/turtle.jpg'), 'style_path': PosixPath('/content/style-transfer/datasets/style_transfer/style/kanagawa.jpg'), 'content_layers': ['block1_conv2'], 'style_layers': ['block1_conv1'], 'pre_training': True, 'learning_rate': 5, 'beta_1': 0.99, 'beta_2': 0.999, 'epsilon': 1e-07, 'amsgrad': False, 'content_weight': 1000.0, 'style_weight': 0.01, 'num_iterations': 1000}
style_transfer [INFO] 2020-12-19 12:36:23,155: Start run with kwargs = {'content_path': PosixPath('/content/style-transfer/datasets/style_transfer/content/turtle.jpg'), 'style_path': PosixPath('/content/style-transfer/datasets/style_transfer/style/kanagawa.jpg'), 'content_layers': ['block1_conv2'], 'style_layers': ['block1_conv1', 'block2_conv1', 'block2_conv3', 'block3_conv1', 'block4_conv1'], 'pre_training': True, 'learning_rate': 5, 'beta_1': 0.99, 'beta_2': 0.999, 'epsilon': 1e-07, 'amsgrad': False, 'content_weight': 1000.0, 'style_weight': 0.01, 'num_iterations': 1000}
style_transfer [ERROR] 2020-12-19 12:36:23,495: No such layer: block2_conv3.
Traceback (most recent call last):
  File "<ipython-input-5-b6f3ab7de6fa>", line 110, in <module>
    **kwargs
  File "/content/style-transfer/style_transfer/style_transfer.py", line 59, in run_style_transfer
    pre_training=pre_training,
  File "/content/style-transfer/style_transfer/model.py", line 34, in get_model
    style_outputs = [vgg.get_layer(name).output for name in style_layers]
  File "/content/style-transfer/style_transfer/model.py", line 34, in <listcomp>
    style_outputs = [vgg.get_layer(name).output for name in style_layers]
  File "/usr/local/lib/python3.6/dist-packages/tensorflow/python/keras/engine/training.py", line 2423, in get_layer
    raise ValueError('No such layer: ' + name + '.')
ValueError: No such layer: block2_conv3.
style_transfer [INFO] 2020-12-19 12:36:23,565: Start run with kwargs = {'content_path': PosixPath('/content/style-transfer/datasets/style_transfer/content/turtle.jpg'), 'style_path': PosixPath('/content/style-transfer/datasets/style_transfer/style/kanagawa.jpg'), 'content_layers': ['block1_conv2'], 'style_layers': ['block1_conv1', 'block2_conv1', 'block2_conv3', 'block3_conv1', 'block3_conv3'], 'pre_training': True, 'learning_rate': 5, 'beta_1': 0.99, 'beta_2': 0.999, 'epsilon': 1e-07, 'amsgrad': False, 'content_weight': 1000.0, 'style_weight': 0.01, 'num_iterations': 1000}
style_transfer [ERROR] 2020-12-19 12:36:23,892: No such layer: block2_conv3.
Traceback (most recent call last):
  File "<ipython-input-5-b6f3ab7de6fa>", line 110, in <module>
    **kwargs
  File "/content/style-transfer/style_transfer/style_transfer.py", line 59, in run_style_transfer
    pre_training=pre_training,
  File "/content/style-transfer/style_transfer/model.py", line 34, in get_model
    style_outputs = [vgg.get_layer(name).output for name in style_layers]
  File "/content/style-transfer/style_transfer/model.py", line 34, in <listcomp>
    style_outputs = [vgg.get_layer(name).output for name in style_layers]
  File "/usr/local/lib/python3.6/dist-packages/tensorflow/python/keras/engine/training.py", line 2423, in get_layer
    raise ValueError('No such layer: ' + name + '.')
ValueError: No such layer: block2_conv3.
style_transfer [INFO] 2020-12-19 12:36:23,945: Start run with kwargs = {'content_path': PosixPath('/content/style-transfer/datasets/style_transfer/content/turtle.jpg'), 'style_path': PosixPath('/content/style-transfer/datasets/style_transfer/style/kanagawa.jpg'), 'content_layers': ['block5_conv2', 'block5_conv3'], 'style_layers': ['block1_conv1', 'block2_conv1', 'block3_conv1', 'block4_conv1', 'block5_conv1'], 'pre_training': True, 'learning_rate': 5, 'beta_1': 0.99, 'beta_2': 0.999, 'epsilon': 1e-07, 'amsgrad': False, 'content_weight': 1000.0, 'style_weight': 0.01, 'num_iterations': 1000}
style_transfer [INFO] 2020-12-19 12:38:41,049: Start run with kwargs = {'content_path': PosixPath('/content/style-transfer/datasets/style_transfer/content/turtle.jpg'), 'style_path': PosixPath('/content/style-transfer/datasets/style_transfer/style/kanagawa.jpg'), 'content_layers': ['block5_conv2', 'block5_conv3'], 'style_layers': ['block2_conv1', 'block3_conv1', 'block4_conv1', 'block5_conv1'], 'pre_training': True, 'learning_rate': 5, 'beta_1': 0.99, 'beta_2': 0.999, 'epsilon': 1e-07, 'amsgrad': False, 'content_weight': 1000.0, 'style_weight': 0.01, 'num_iterations': 1000}
style_transfer [INFO] 2020-12-19 12:40:53,253: Start run with kwargs = {'content_path': PosixPath('/content/style-transfer/datasets/style_transfer/content/turtle.jpg'), 'style_path': PosixPath('/content/style-transfer/datasets/style_transfer/style/kanagawa.jpg'), 'content_layers': ['block5_conv2', 'block5_conv3'], 'style_layers': ['block3_conv1', 'block4_conv1', 'block5_conv1'], 'pre_training': True, 'learning_rate': 5, 'beta_1': 0.99, 'beta_2': 0.999, 'epsilon': 1e-07, 'amsgrad': False, 'content_weight': 1000.0, 'style_weight': 0.01, 'num_iterations': 1000}
style_transfer [INFO] 2020-12-19 12:43:01,955: Start run with kwargs = {'content_path': PosixPath('/content/style-transfer/datasets/style_transfer/content/turtle.jpg'), 'style_path': PosixPath('/content/style-transfer/datasets/style_transfer/style/kanagawa.jpg'), 'content_layers': ['block5_conv2', 'block5_conv3'], 'style_layers': ['block4_conv1', 'block5_conv1'], 'pre_training': True, 'learning_rate': 5, 'beta_1': 0.99, 'beta_2': 0.999, 'epsilon': 1e-07, 'amsgrad': False, 'content_weight': 1000.0, 'style_weight': 0.01, 'num_iterations': 1000}
style_transfer [INFO] 2020-12-19 12:45:07,207: Start run with kwargs = {'content_path': PosixPath('/content/style-transfer/datasets/style_transfer/content/turtle.jpg'), 'style_path': PosixPath('/content/style-transfer/datasets/style_transfer/style/kanagawa.jpg'), 'content_layers': ['block5_conv2', 'block5_conv3'], 'style_layers': ['block5_conv1'], 'pre_training': True, 'learning_rate': 5, 'beta_1': 0.99, 'beta_2': 0.999, 'epsilon': 1e-07, 'amsgrad': False, 'content_weight': 1000.0, 'style_weight': 0.01, 'num_iterations': 1000}
style_transfer [INFO] 2020-12-19 12:47:09,311: Start run with kwargs = {'content_path': PosixPath('/content/style-transfer/datasets/style_transfer/content/turtle.jpg'), 'style_path': PosixPath('/content/style-transfer/datasets/style_transfer/style/kanagawa.jpg'), 'content_layers': ['block5_conv2', 'block5_conv3'], 'style_layers': ['block1_conv1', 'block2_conv1', 'block3_conv1', 'block4_conv1'], 'pre_training': True, 'learning_rate': 5, 'beta_1': 0.99, 'beta_2': 0.999, 'epsilon': 1e-07, 'amsgrad': False, 'content_weight': 1000.0, 'style_weight': 0.01, 'num_iterations': 1000}
style_transfer [INFO] 2020-12-19 12:49:25,001: Start run with kwargs = {'content_path': PosixPath('/content/style-transfer/datasets/style_transfer/content/turtle.jpg'), 'style_path': PosixPath('/content/style-transfer/datasets/style_transfer/style/kanagawa.jpg'), 'content_layers': ['block5_conv2', 'block5_conv3'], 'style_layers': ['block1_conv1', 'block2_conv1', 'block3_conv1'], 'pre_training': True, 'learning_rate': 5, 'beta_1': 0.99, 'beta_2': 0.999, 'epsilon': 1e-07, 'amsgrad': False, 'content_weight': 1000.0, 'style_weight': 0.01, 'num_iterations': 1000}
style_transfer [INFO] 2020-12-19 12:51:38,187: Start run with kwargs = {'content_path': PosixPath('/content/style-transfer/datasets/style_transfer/content/turtle.jpg'), 'style_path': PosixPath('/content/style-transfer/datasets/style_transfer/style/kanagawa.jpg'), 'content_layers': ['block5_conv2', 'block5_conv3'], 'style_layers': ['block1_conv1', 'block2_conv1'], 'pre_training': True, 'learning_rate': 5, 'beta_1': 0.99, 'beta_2': 0.999, 'epsilon': 1e-07, 'amsgrad': False, 'content_weight': 1000.0, 'style_weight': 0.01, 'num_iterations': 1000}
style_transfer [INFO] 2020-12-19 12:53:48,103: Start run with kwargs = {'content_path': PosixPath('/content/style-transfer/datasets/style_transfer/content/turtle.jpg'), 'style_path': PosixPath('/content/style-transfer/datasets/style_transfer/style/kanagawa.jpg'), 'content_layers': ['block5_conv2', 'block5_conv3'], 'style_layers': ['block1_conv1'], 'pre_training': True, 'learning_rate': 5, 'beta_1': 0.99, 'beta_2': 0.999, 'epsilon': 1e-07, 'amsgrad': False, 'content_weight': 1000.0, 'style_weight': 0.01, 'num_iterations': 1000}
style_transfer [INFO] 2020-12-19 12:55:54,344: Start run with kwargs = {'content_path': PosixPath('/content/style-transfer/datasets/style_transfer/content/turtle.jpg'), 'style_path': PosixPath('/content/style-transfer/datasets/style_transfer/style/kanagawa.jpg'), 'content_layers': ['block5_conv2', 'block5_conv3'], 'style_layers': ['block1_conv1', 'block2_conv1', 'block2_conv3', 'block3_conv1', 'block4_conv1'], 'pre_training': True, 'learning_rate': 5, 'beta_1': 0.99, 'beta_2': 0.999, 'epsilon': 1e-07, 'amsgrad': False, 'content_weight': 1000.0, 'style_weight': 0.01, 'num_iterations': 1000}
style_transfer [ERROR] 2020-12-19 12:55:54,684: No such layer: block2_conv3.
Traceback (most recent call last):
  File "<ipython-input-5-b6f3ab7de6fa>", line 110, in <module>
    **kwargs
  File "/content/style-transfer/style_transfer/style_transfer.py", line 59, in run_style_transfer
    pre_training=pre_training,
  File "/content/style-transfer/style_transfer/model.py", line 34, in get_model
    style_outputs = [vgg.get_layer(name).output for name in style_layers]
  File "/content/style-transfer/style_transfer/model.py", line 34, in <listcomp>
    style_outputs = [vgg.get_layer(name).output for name in style_layers]
  File "/usr/local/lib/python3.6/dist-packages/tensorflow/python/keras/engine/training.py", line 2423, in get_layer
    raise ValueError('No such layer: ' + name + '.')
ValueError: No such layer: block2_conv3.
style_transfer [INFO] 2020-12-19 12:55:54,736: Start run with kwargs = {'content_path': PosixPath('/content/style-transfer/datasets/style_transfer/content/turtle.jpg'), 'style_path': PosixPath('/content/style-transfer/datasets/style_transfer/style/kanagawa.jpg'), 'content_layers': ['block5_conv2', 'block5_conv3'], 'style_layers': ['block1_conv1', 'block2_conv1', 'block2_conv3', 'block3_conv1', 'block3_conv3'], 'pre_training': True, 'learning_rate': 5, 'beta_1': 0.99, 'beta_2': 0.999, 'epsilon': 1e-07, 'amsgrad': False, 'content_weight': 1000.0, 'style_weight': 0.01, 'num_iterations': 1000}
style_transfer [ERROR] 2020-12-19 12:55:55,089: No such layer: block2_conv3.
Traceback (most recent call last):
  File "<ipython-input-5-b6f3ab7de6fa>", line 110, in <module>
    **kwargs
  File "/content/style-transfer/style_transfer/style_transfer.py", line 59, in run_style_transfer
    pre_training=pre_training,
  File "/content/style-transfer/style_transfer/model.py", line 34, in get_model
    style_outputs = [vgg.get_layer(name).output for name in style_layers]
  File "/content/style-transfer/style_transfer/model.py", line 34, in <listcomp>
    style_outputs = [vgg.get_layer(name).output for name in style_layers]
  File "/usr/local/lib/python3.6/dist-packages/tensorflow/python/keras/engine/training.py", line 2423, in get_layer
    raise ValueError('No such layer: ' + name + '.')
ValueError: No such layer: block2_conv3.
style_transfer [INFO] 2020-12-19 12:55:55,271: Start run with kwargs = {'content_path': PosixPath('/content/style-transfer/datasets/style_transfer/content/turtle.jpg'), 'style_path': PosixPath('/content/style-transfer/datasets/style_transfer/style/kanagawa.jpg'), 'content_layers': ['block5_conv2', 'block5_conv3', 'block5_conv4'], 'style_layers': ['block1_conv1', 'block2_conv1', 'block3_conv1', 'block4_conv1', 'block5_conv1'], 'pre_training': True, 'learning_rate': 5, 'beta_1': 0.99, 'beta_2': 0.999, 'epsilon': 1e-07, 'amsgrad': False, 'content_weight': 1000.0, 'style_weight': 0.01, 'num_iterations': 1000}
style_transfer [INFO] 2020-12-19 12:58:16,845: Start run with kwargs = {'content_path': PosixPath('/content/style-transfer/datasets/style_transfer/content/turtle.jpg'), 'style_path': PosixPath('/content/style-transfer/datasets/style_transfer/style/kanagawa.jpg'), 'content_layers': ['block5_conv2', 'block5_conv3', 'block5_conv4'], 'style_layers': ['block2_conv1', 'block3_conv1', 'block4_conv1', 'block5_conv1'], 'pre_training': True, 'learning_rate': 5, 'beta_1': 0.99, 'beta_2': 0.999, 'epsilon': 1e-07, 'amsgrad': False, 'content_weight': 1000.0, 'style_weight': 0.01, 'num_iterations': 1000}
style_transfer [INFO] 2020-12-19 13:00:33,145: Start run with kwargs = {'content_path': PosixPath('/content/style-transfer/datasets/style_transfer/content/turtle.jpg'), 'style_path': PosixPath('/content/style-transfer/datasets/style_transfer/style/kanagawa.jpg'), 'content_layers': ['block5_conv2', 'block5_conv3', 'block5_conv4'], 'style_layers': ['block3_conv1', 'block4_conv1', 'block5_conv1'], 'pre_training': True, 'learning_rate': 5, 'beta_1': 0.99, 'beta_2': 0.999, 'epsilon': 1e-07, 'amsgrad': False, 'content_weight': 1000.0, 'style_weight': 0.01, 'num_iterations': 1000}
style_transfer [INFO] 2020-12-19 13:02:45,933: Start run with kwargs = {'content_path': PosixPath('/content/style-transfer/datasets/style_transfer/content/turtle.jpg'), 'style_path': PosixPath('/content/style-transfer/datasets/style_transfer/style/kanagawa.jpg'), 'content_layers': ['block5_conv2', 'block5_conv3', 'block5_conv4'], 'style_layers': ['block4_conv1', 'block5_conv1'], 'pre_training': True, 'learning_rate': 5, 'beta_1': 0.99, 'beta_2': 0.999, 'epsilon': 1e-07, 'amsgrad': False, 'content_weight': 1000.0, 'style_weight': 0.01, 'num_iterations': 1000}
style_transfer [INFO] 2020-12-19 13:04:56,052: Start run with kwargs = {'content_path': PosixPath('/content/style-transfer/datasets/style_transfer/content/turtle.jpg'), 'style_path': PosixPath('/content/style-transfer/datasets/style_transfer/style/kanagawa.jpg'), 'content_layers': ['block5_conv2', 'block5_conv3', 'block5_conv4'], 'style_layers': ['block5_conv1'], 'pre_training': True, 'learning_rate': 5, 'beta_1': 0.99, 'beta_2': 0.999, 'epsilon': 1e-07, 'amsgrad': False, 'content_weight': 1000.0, 'style_weight': 0.01, 'num_iterations': 1000}
style_transfer [INFO] 2020-12-19 13:07:03,276: Start run with kwargs = {'content_path': PosixPath('/content/style-transfer/datasets/style_transfer/content/turtle.jpg'), 'style_path': PosixPath('/content/style-transfer/datasets/style_transfer/style/kanagawa.jpg'), 'content_layers': ['block5_conv2', 'block5_conv3', 'block5_conv4'], 'style_layers': ['block1_conv1', 'block2_conv1', 'block3_conv1', 'block4_conv1'], 'pre_training': True, 'learning_rate': 5, 'beta_1': 0.99, 'beta_2': 0.999, 'epsilon': 1e-07, 'amsgrad': False, 'content_weight': 1000.0, 'style_weight': 0.01, 'num_iterations': 1000}
style_transfer [INFO] 2020-12-19 13:09:22,469: Start run with kwargs = {'content_path': PosixPath('/content/style-transfer/datasets/style_transfer/content/turtle.jpg'), 'style_path': PosixPath('/content/style-transfer/datasets/style_transfer/style/kanagawa.jpg'), 'content_layers': ['block5_conv2', 'block5_conv3', 'block5_conv4'], 'style_layers': ['block1_conv1', 'block2_conv1', 'block3_conv1'], 'pre_training': True, 'learning_rate': 5, 'beta_1': 0.99, 'beta_2': 0.999, 'epsilon': 1e-07, 'amsgrad': False, 'content_weight': 1000.0, 'style_weight': 0.01, 'num_iterations': 1000}
style_transfer [INFO] 2020-12-19 13:11:39,215: Start run with kwargs = {'content_path': PosixPath('/content/style-transfer/datasets/style_transfer/content/turtle.jpg'), 'style_path': PosixPath('/content/style-transfer/datasets/style_transfer/style/kanagawa.jpg'), 'content_layers': ['block5_conv2', 'block5_conv3', 'block5_conv4'], 'style_layers': ['block1_conv1', 'block2_conv1'], 'pre_training': True, 'learning_rate': 5, 'beta_1': 0.99, 'beta_2': 0.999, 'epsilon': 1e-07, 'amsgrad': False, 'content_weight': 1000.0, 'style_weight': 0.01, 'num_iterations': 1000}
style_transfer [INFO] 2020-12-19 13:13:53,247: Start run with kwargs = {'content_path': PosixPath('/content/style-transfer/datasets/style_transfer/content/turtle.jpg'), 'style_path': PosixPath('/content/style-transfer/datasets/style_transfer/style/kanagawa.jpg'), 'content_layers': ['block5_conv2', 'block5_conv3', 'block5_conv4'], 'style_layers': ['block1_conv1'], 'pre_training': True, 'learning_rate': 5, 'beta_1': 0.99, 'beta_2': 0.999, 'epsilon': 1e-07, 'amsgrad': False, 'content_weight': 1000.0, 'style_weight': 0.01, 'num_iterations': 1000}
style_transfer [INFO] 2020-12-19 13:16:04,110: Start run with kwargs = {'content_path': PosixPath('/content/style-transfer/datasets/style_transfer/content/turtle.jpg'), 'style_path': PosixPath('/content/style-transfer/datasets/style_transfer/style/kanagawa.jpg'), 'content_layers': ['block5_conv2', 'block5_conv3', 'block5_conv4'], 'style_layers': ['block1_conv1', 'block2_conv1', 'block2_conv3', 'block3_conv1', 'block4_conv1'], 'pre_training': True, 'learning_rate': 5, 'beta_1': 0.99, 'beta_2': 0.999, 'epsilon': 1e-07, 'amsgrad': False, 'content_weight': 1000.0, 'style_weight': 0.01, 'num_iterations': 1000}
style_transfer [ERROR] 2020-12-19 13:16:04,444: No such layer: block2_conv3.
Traceback (most recent call last):
  File "<ipython-input-5-b6f3ab7de6fa>", line 110, in <module>
    **kwargs
  File "/content/style-transfer/style_transfer/style_transfer.py", line 59, in run_style_transfer
    pre_training=pre_training,
  File "/content/style-transfer/style_transfer/model.py", line 34, in get_model
    style_outputs = [vgg.get_layer(name).output for name in style_layers]
  File "/content/style-transfer/style_transfer/model.py", line 34, in <listcomp>
    style_outputs = [vgg.get_layer(name).output for name in style_layers]
  File "/usr/local/lib/python3.6/dist-packages/tensorflow/python/keras/engine/training.py", line 2423, in get_layer
    raise ValueError('No such layer: ' + name + '.')
ValueError: No such layer: block2_conv3.
style_transfer [INFO] 2020-12-19 13:16:04,502: Start run with kwargs = {'content_path': PosixPath('/content/style-transfer/datasets/style_transfer/content/turtle.jpg'), 'style_path': PosixPath('/content/style-transfer/datasets/style_transfer/style/kanagawa.jpg'), 'content_layers': ['block5_conv2', 'block5_conv3', 'block5_conv4'], 'style_layers': ['block1_conv1', 'block2_conv1', 'block2_conv3', 'block3_conv1', 'block3_conv3'], 'pre_training': True, 'learning_rate': 5, 'beta_1': 0.99, 'beta_2': 0.999, 'epsilon': 1e-07, 'amsgrad': False, 'content_weight': 1000.0, 'style_weight': 0.01, 'num_iterations': 1000}
style_transfer [ERROR] 2020-12-19 13:16:04,842: No such layer: block2_conv3.
Traceback (most recent call last):
  File "<ipython-input-5-b6f3ab7de6fa>", line 110, in <module>
    **kwargs
  File "/content/style-transfer/style_transfer/style_transfer.py", line 59, in run_style_transfer
    pre_training=pre_training,
  File "/content/style-transfer/style_transfer/model.py", line 34, in get_model
    style_outputs = [vgg.get_layer(name).output for name in style_layers]
  File "/content/style-transfer/style_transfer/model.py", line 34, in <listcomp>
    style_outputs = [vgg.get_layer(name).output for name in style_layers]
  File "/usr/local/lib/python3.6/dist-packages/tensorflow/python/keras/engine/training.py", line 2423, in get_layer
    raise ValueError('No such layer: ' + name + '.')
ValueError: No such layer: block2_conv3.
style_transfer [INFO] 2020-12-19 13:16:05,027: Start run with kwargs = {'content_path': PosixPath('/content/style-transfer/datasets/style_transfer/content/turtle.jpg'), 'style_path': PosixPath('/content/style-transfer/datasets/style_transfer/style/kanagawa.jpg'), 'content_layers': ['block5_conv2', 'block5_conv3', 'block5_conv4', 'block5_pool'], 'style_layers': ['block1_conv1', 'block2_conv1', 'block3_conv1', 'block4_conv1', 'block5_conv1'], 'pre_training': True, 'learning_rate': 5, 'beta_1': 0.99, 'beta_2': 0.999, 'epsilon': 1e-07, 'amsgrad': False, 'content_weight': 1000.0, 'style_weight': 0.01, 'num_iterations': 1000}
style_transfer [INFO] 2020-12-19 13:18:27,682: Start run with kwargs = {'content_path': PosixPath('/content/style-transfer/datasets/style_transfer/content/turtle.jpg'), 'style_path': PosixPath('/content/style-transfer/datasets/style_transfer/style/kanagawa.jpg'), 'content_layers': ['block5_conv2', 'block5_conv3', 'block5_conv4', 'block5_pool'], 'style_layers': ['block2_conv1', 'block3_conv1', 'block4_conv1', 'block5_conv1'], 'pre_training': True, 'learning_rate': 5, 'beta_1': 0.99, 'beta_2': 0.999, 'epsilon': 1e-07, 'amsgrad': False, 'content_weight': 1000.0, 'style_weight': 0.01, 'num_iterations': 1000}
style_transfer [INFO] 2020-12-19 13:20:46,010: Start run with kwargs = {'content_path': PosixPath('/content/style-transfer/datasets/style_transfer/content/turtle.jpg'), 'style_path': PosixPath('/content/style-transfer/datasets/style_transfer/style/kanagawa.jpg'), 'content_layers': ['block5_conv2', 'block5_conv3', 'block5_conv4', 'block5_pool'], 'style_layers': ['block3_conv1', 'block4_conv1', 'block5_conv1'], 'pre_training': True, 'learning_rate': 5, 'beta_1': 0.99, 'beta_2': 0.999, 'epsilon': 1e-07, 'amsgrad': False, 'content_weight': 1000.0, 'style_weight': 0.01, 'num_iterations': 1000}
style_transfer [INFO] 2020-12-19 13:23:01,709: Start run with kwargs = {'content_path': PosixPath('/content/style-transfer/datasets/style_transfer/content/turtle.jpg'), 'style_path': PosixPath('/content/style-transfer/datasets/style_transfer/style/kanagawa.jpg'), 'content_layers': ['block5_conv2', 'block5_conv3', 'block5_conv4', 'block5_pool'], 'style_layers': ['block4_conv1', 'block5_conv1'], 'pre_training': True, 'learning_rate': 5, 'beta_1': 0.99, 'beta_2': 0.999, 'epsilon': 1e-07, 'amsgrad': False, 'content_weight': 1000.0, 'style_weight': 0.01, 'num_iterations': 1000}
style_transfer [INFO] 2020-12-19 13:25:14,413: Start run with kwargs = {'content_path': PosixPath('/content/style-transfer/datasets/style_transfer/content/turtle.jpg'), 'style_path': PosixPath('/content/style-transfer/datasets/style_transfer/style/kanagawa.jpg'), 'content_layers': ['block5_conv2', 'block5_conv3', 'block5_conv4', 'block5_pool'], 'style_layers': ['block5_conv1'], 'pre_training': True, 'learning_rate': 5, 'beta_1': 0.99, 'beta_2': 0.999, 'epsilon': 1e-07, 'amsgrad': False, 'content_weight': 1000.0, 'style_weight': 0.01, 'num_iterations': 1000}
style_transfer [INFO] 2020-12-19 13:27:23,543: Start run with kwargs = {'content_path': PosixPath('/content/style-transfer/datasets/style_transfer/content/turtle.jpg'), 'style_path': PosixPath('/content/style-transfer/datasets/style_transfer/style/kanagawa.jpg'), 'content_layers': ['block5_conv2', 'block5_conv3', 'block5_conv4', 'block5_pool'], 'style_layers': ['block1_conv1', 'block2_conv1', 'block3_conv1', 'block4_conv1'], 'pre_training': True, 'learning_rate': 5, 'beta_1': 0.99, 'beta_2': 0.999, 'epsilon': 1e-07, 'amsgrad': False, 'content_weight': 1000.0, 'style_weight': 0.01, 'num_iterations': 1000}
style_transfer [INFO] 2020-12-19 13:29:43,549: Start run with kwargs = {'content_path': PosixPath('/content/style-transfer/datasets/style_transfer/content/turtle.jpg'), 'style_path': PosixPath('/content/style-transfer/datasets/style_transfer/style/kanagawa.jpg'), 'content_layers': ['block5_conv2', 'block5_conv3', 'block5_conv4', 'block5_pool'], 'style_layers': ['block1_conv1', 'block2_conv1', 'block3_conv1'], 'pre_training': True, 'learning_rate': 5, 'beta_1': 0.99, 'beta_2': 0.999, 'epsilon': 1e-07, 'amsgrad': False, 'content_weight': 1000.0, 'style_weight': 0.01, 'num_iterations': 1000}
style_transfer [INFO] 2020-12-19 13:32:00,798: Start run with kwargs = {'content_path': PosixPath('/content/style-transfer/datasets/style_transfer/content/turtle.jpg'), 'style_path': PosixPath('/content/style-transfer/datasets/style_transfer/style/kanagawa.jpg'), 'content_layers': ['block5_conv2', 'block5_conv3', 'block5_conv4', 'block5_pool'], 'style_layers': ['block1_conv1', 'block2_conv1'], 'pre_training': True, 'learning_rate': 5, 'beta_1': 0.99, 'beta_2': 0.999, 'epsilon': 1e-07, 'amsgrad': False, 'content_weight': 1000.0, 'style_weight': 0.01, 'num_iterations': 1000}
style_transfer [INFO] 2020-12-19 13:34:15,094: Start run with kwargs = {'content_path': PosixPath('/content/style-transfer/datasets/style_transfer/content/turtle.jpg'), 'style_path': PosixPath('/content/style-transfer/datasets/style_transfer/style/kanagawa.jpg'), 'content_layers': ['block5_conv2', 'block5_conv3', 'block5_conv4', 'block5_pool'], 'style_layers': ['block1_conv1'], 'pre_training': True, 'learning_rate': 5, 'beta_1': 0.99, 'beta_2': 0.999, 'epsilon': 1e-07, 'amsgrad': False, 'content_weight': 1000.0, 'style_weight': 0.01, 'num_iterations': 1000}
style_transfer [INFO] 2020-12-19 13:36:26,053: Start run with kwargs = {'content_path': PosixPath('/content/style-transfer/datasets/style_transfer/content/turtle.jpg'), 'style_path': PosixPath('/content/style-transfer/datasets/style_transfer/style/kanagawa.jpg'), 'content_layers': ['block5_conv2', 'block5_conv3', 'block5_conv4', 'block5_pool'], 'style_layers': ['block1_conv1', 'block2_conv1', 'block2_conv3', 'block3_conv1', 'block4_conv1'], 'pre_training': True, 'learning_rate': 5, 'beta_1': 0.99, 'beta_2': 0.999, 'epsilon': 1e-07, 'amsgrad': False, 'content_weight': 1000.0, 'style_weight': 0.01, 'num_iterations': 1000}
style_transfer [ERROR] 2020-12-19 13:36:26,388: No such layer: block2_conv3.
Traceback (most recent call last):
  File "<ipython-input-5-b6f3ab7de6fa>", line 110, in <module>
    **kwargs
  File "/content/style-transfer/style_transfer/style_transfer.py", line 59, in run_style_transfer
    pre_training=pre_training,
  File "/content/style-transfer/style_transfer/model.py", line 34, in get_model
    style_outputs = [vgg.get_layer(name).output for name in style_layers]
  File "/content/style-transfer/style_transfer/model.py", line 34, in <listcomp>
    style_outputs = [vgg.get_layer(name).output for name in style_layers]
  File "/usr/local/lib/python3.6/dist-packages/tensorflow/python/keras/engine/training.py", line 2423, in get_layer
    raise ValueError('No such layer: ' + name + '.')
ValueError: No such layer: block2_conv3.
style_transfer [INFO] 2020-12-19 13:36:26,437: Start run with kwargs = {'content_path': PosixPath('/content/style-transfer/datasets/style_transfer/content/turtle.jpg'), 'style_path': PosixPath('/content/style-transfer/datasets/style_transfer/style/kanagawa.jpg'), 'content_layers': ['block5_conv2', 'block5_conv3', 'block5_conv4', 'block5_pool'], 'style_layers': ['block1_conv1', 'block2_conv1', 'block2_conv3', 'block3_conv1', 'block3_conv3'], 'pre_training': True, 'learning_rate': 5, 'beta_1': 0.99, 'beta_2': 0.999, 'epsilon': 1e-07, 'amsgrad': False, 'content_weight': 1000.0, 'style_weight': 0.01, 'num_iterations': 1000}
style_transfer [ERROR] 2020-12-19 13:36:26,787: No such layer: block2_conv3.
Traceback (most recent call last):
  File "<ipython-input-5-b6f3ab7de6fa>", line 110, in <module>
    **kwargs
  File "/content/style-transfer/style_transfer/style_transfer.py", line 59, in run_style_transfer
    pre_training=pre_training,
  File "/content/style-transfer/style_transfer/model.py", line 34, in get_model
    style_outputs = [vgg.get_layer(name).output for name in style_layers]
  File "/content/style-transfer/style_transfer/model.py", line 34, in <listcomp>
    style_outputs = [vgg.get_layer(name).output for name in style_layers]
  File "/usr/local/lib/python3.6/dist-packages/tensorflow/python/keras/engine/training.py", line 2423, in get_layer
    raise ValueError('No such layer: ' + name + '.')
ValueError: No such layer: block2_conv3.
style_transfer [INFO] 2020-12-19 13:36:26,789: Finished run
